#
# There is insufficient memory for the Java Runtime Environment to continue.
# Native memory allocation (mmap) failed to map 25165824 bytes for G1 virtual space
# Possible reasons:
#   The system is out of physical RAM or swap space
#   The process is running with CompressedOops enabled, and the Java Heap may be blocking the growth of the native heap
# Possible solutions:
#   Reduce memory load on the system
#   Increase physical memory or swap space
#   Check if swap backing store is full
#   Decrease Java heap size (-Xmx/-Xms)
#   Decrease number of Java threads
#   Decrease Java thread stack sizes (-Xss)
#   Set larger code cache with -XX:ReservedCodeCacheSize=
#   JVM is running with Unscaled Compressed Oops mode in which the Java heap is
#     placed in the first 4GB address space. The Java Heap base address is the
#     maximum limit for the native heap growth. Please use -XX:HeapBaseMinAddress
#     to set the Java Heap base and to place the Java Heap above 4GB virtual address.
# This output file may be truncated or incomplete.
#
#  Out of Memory Error (os_windows.cpp:3548), pid=15504, tid=4636
#
# JRE version: Java(TM) SE Runtime Environment (17.0.12+8) (build 17.0.12+8-LTS-286)
# Java VM: Java HotSpot(TM) 64-Bit Server VM (17.0.12+8-LTS-286, mixed mode, sharing, tiered, compressed oops, compressed class ptrs, g1 gc, windows-amd64)
# No core dump will be written. Minidumps are not enabled by default on client versions of Windows
#

---------------  S U M M A R Y ------------

Command Line: --add-opens=java.base/java.util=ALL-UNNAMED --add-opens=java.base/java.lang=ALL-UNNAMED --add-opens=java.base/java.lang.invoke=ALL-UNNAMED --add-opens=java.prefs/java.util.prefs=ALL-UNNAMED --add-opens=java.base/java.nio.charset=ALL-UNNAMED --add-opens=java.base/java.net=ALL-UNNAMED --add-opens=java.base/java.util.concurrent.atomic=ALL-UNNAMED -Xmx2048m -Dfile.encoding=UTF-8 -Duser.country=US -Duser.language=en -Duser.variant -javaagent:C:\Users\Hp\.gradle\wrapper\dists\gradle-8.4-bin\1w5dpkrfk8irigvoxmyhowfim\gradle-8.4\lib\agents\gradle-instrumentation-agent-8.4.jar org.gradle.launcher.daemon.bootstrap.GradleDaemon 8.4

Host: AMD Ryzen 5 7535HS with Radeon Graphics        , 12 cores, 15G,  Windows 11 , 64 bit Build 22621 (10.0.22621.5415)
Time: Wed Jun 25 00:30:53 2025 SE Asia Standard Time elapsed time: 8.369867 seconds (0d 0h 0m 8s)

---------------  T H R E A D  ---------------

Current thread (0x000002bfef98fbe0):  VMThread "VM Thread" [stack: 0x000000dbfa700000,0x000000dbfa800000] [id=4636]

Stack: [0x000000dbfa700000,0x000000dbfa800000]
Native frames: (J=compiled Java code, j=interpreted, Vv=VM code, C=native code)
V  [jvm.dll+0x67a04a]
V  [jvm.dll+0x7da4ed]
V  [jvm.dll+0x7dbe33]
V  [jvm.dll+0x7dc4a3]
V  [jvm.dll+0x24508f]
V  [jvm.dll+0x677089]
V  [jvm.dll+0x66bd32]
V  [jvm.dll+0x301fa6]
V  [jvm.dll+0x309546]
V  [jvm.dll+0x359d2e]
V  [jvm.dll+0x359f5f]
V  [jvm.dll+0x2d9078]
V  [jvm.dll+0x2dc0e6]
V  [jvm.dll+0x2e67eb]
V  [jvm.dll+0x31a870]
V  [jvm.dll+0x7e0d9b]
V  [jvm.dll+0x7e1ad4]
V  [jvm.dll+0x7e1fed]
V  [jvm.dll+0x7e23c4]
V  [jvm.dll+0x7e2490]
V  [jvm.dll+0x78abea]
V  [jvm.dll+0x678f35]
C  [ucrtbase.dll+0x29333]
C  [KERNEL32.DLL+0x1259d]
C  [ntdll.dll+0x5af78]

VM_Operation (0x000000dbfa3ff630): G1Concurrent, mode: safepoint, requested by thread 0x000002bfd1385050


---------------  P R O C E S S  ---------------

Threads class SMR info:
_java_thread_list=0x000002bffb9d0070, length=132, elements={
0x000002bfd13152d0, 0x000002bfef9943b0, 0x000002bfef995230, 0x000002bfef9a8cc0,
0x000002bfef9aa890, 0x000002bfef9ab450, 0x000002bfef9adf20, 0x000002bfef9aecc0,
0x000002bfef9c13f0, 0x000002bfef9c4110, 0x000002bfef980ea0, 0x000002bfefcad080,
0x000002bfefdf0a30, 0x000002bff61fa270, 0x000002bff56f3ed0, 0x000002bff56f34b0,
0x000002bff56f39c0, 0x000002bff56f43e0, 0x000002bff56f5d30, 0x000002bff56f6240,
0x000002bff56f6750, 0x000002bff56f2fa0, 0x000002bff56f5820, 0x000002bff56f48f0,
0x000002bff56f4e00, 0x000002bff52894f0, 0x000002bff528eb00, 0x000002bff5288fe0,
0x000002bff5290450, 0x000002bff528f520, 0x000002bff5289a00, 0x000002bff528ae40,
0x000002bff5289f10, 0x000002bff528a930, 0x000002bff528bd70, 0x000002bff528fa30,
0x000002bff528ff40, 0x000002bff528e0e0, 0x000002bff528b350, 0x000002bff528a420,
0x000002bff528dbd0, 0x000002bff528b860, 0x000002bff528e5f0, 0x000002bff528c790,
0x000002bff5290960, 0x000002bff528f010, 0x000002bff528cca0, 0x000002bff528d1b0,
0x000002bff528d6c0, 0x000002bff6596060, 0x000002bff659c090, 0x000002bff659b160,
0x000002bff659b670, 0x000002bff6596f90, 0x000002bff659cab0, 0x000002bff6599810,
0x000002bff6596570, 0x000002bff6599300, 0x000002bff6595b50, 0x000002bff659c5a0,
0x000002bff6599d20, 0x000002bff6ae3990, 0x000002bff73d5b70, 0x000002bff73d32f0,
0x000002bff73d2de0, 0x000002bff73d0a70, 0x000002bff73d3800, 0x000002bff73d4220,
0x000002bff73d6080, 0x000002bff73d5660, 0x000002bff73d3d10, 0x000002bff73d4c40,
0x000002bff73d6590, 0x000002bff73d4730, 0x000002bff73d5150, 0x000002bff73d6aa0,
0x000002bff73d6fb0, 0x000002bff73d74c0, 0x000002bff73d0050, 0x000002bff73d79d0,
0x000002bff73d28d0, 0x000002bff73d0560, 0x000002bff73d19a0, 0x000002bff73d1eb0,
0x000002bff73d23c0, 0x000002bff56f5310, 0x000002bff916d820, 0x000002bff916afa0,
0x000002bff9168210, 0x000002bff916a580, 0x000002bff9169140, 0x000002bff916c8f0,
0x000002bff9168720, 0x000002bff91672e0, 0x000002bff9166dd0, 0x000002bff9168c30,
0x000002bff91663b0, 0x000002bff916d310, 0x000002bff9169b60, 0x000002bff916ce00,
0x000002bff916bed0, 0x000002bff916dd30, 0x000002bff91668c0, 0x000002bff916c3e0,
0x000002bff9169650, 0x000002bff9167d00, 0x000002bff916a070, 0x000002bff916aa90,
0x000002bff916b4b0, 0x000002bff916b9c0, 0x000002bffb1f5db0, 0x000002bffb1f8b40,
0x000002bffb1f4e80, 0x000002bffb1f3530, 0x000002bffb1f9f80, 0x000002bffb1f9050,
0x000002bffb1f9560, 0x000002bffb1fa490, 0x000002bffb1f62c0, 0x000002bffb1f7700,
0x000002bffb1fa9a0, 0x000002bffb1f5390, 0x000002bffb1f67d0, 0x000002bffb1faeb0,
0x000002bffb1f71f0, 0x000002bffb1f58a0, 0x000002bffb1f6ce0, 0x000002bffb1f8630,
0x000002bffb1f7c10, 0x000002bffb1f8120, 0x000002bffb1f9a70, 0x000002bffb1f3a40
}

Java Threads: ( => current thread )
  0x000002bfd13152d0 JavaThread "main" [_thread_blocked, id=21312, stack(0x000000dbfa100000,0x000000dbfa200000)]
  0x000002bfef9943b0 JavaThread "Reference Handler" daemon [_thread_blocked, id=6548, stack(0x000000dbfa800000,0x000000dbfa900000)]
  0x000002bfef995230 JavaThread "Finalizer" daemon [_thread_blocked, id=11424, stack(0x000000dbfa900000,0x000000dbfaa00000)]
  0x000002bfef9a8cc0 JavaThread "Signal Dispatcher" daemon [_thread_blocked, id=15540, stack(0x000000dbfaa00000,0x000000dbfab00000)]
  0x000002bfef9aa890 JavaThread "Attach Listener" daemon [_thread_blocked, id=10320, stack(0x000000dbfab00000,0x000000dbfac00000)]
  0x000002bfef9ab450 JavaThread "Service Thread" daemon [_thread_blocked, id=5572, stack(0x000000dbfac00000,0x000000dbfad00000)]
  0x000002bfef9adf20 JavaThread "Monitor Deflation Thread" daemon [_thread_blocked, id=12152, stack(0x000000dbfad00000,0x000000dbfae00000)]
  0x000002bfef9aecc0 JavaThread "C2 CompilerThread0" daemon [_thread_blocked, id=7116, stack(0x000000dbfae00000,0x000000dbfaf00000)]
  0x000002bfef9c13f0 JavaThread "C1 CompilerThread0" daemon [_thread_blocked, id=4680, stack(0x000000dbfaf00000,0x000000dbfb000000)]
  0x000002bfef9c4110 JavaThread "Sweeper thread" daemon [_thread_blocked, id=11204, stack(0x000000dbfb000000,0x000000dbfb100000)]
  0x000002bfef980ea0 JavaThread "Common-Cleaner" daemon [_thread_blocked, id=19120, stack(0x000000dbfb100000,0x000000dbfb200000)]
  0x000002bfefcad080 JavaThread "Notification Thread" daemon [_thread_blocked, id=2688, stack(0x000000dbfb200000,0x000000dbfb300000)]
  0x000002bfefdf0a30 JavaThread "C2 CompilerThread1" daemon [_thread_blocked, id=9872, stack(0x000000dbfb400000,0x000000dbfb500000)]
  0x000002bff61fa270 JavaThread "Daemon health stats" [_thread_blocked, id=12796, stack(0x000000dbfba00000,0x000000dbfbb00000)]
  0x000002bff56f3ed0 JavaThread "Incoming local TCP Connector on port 52389" [_thread_in_native, id=20432, stack(0x000000dbfbb00000,0x000000dbfbc00000)]
  0x000002bff56f34b0 JavaThread "Daemon periodic checks" [_thread_blocked, id=4668, stack(0x000000dbfbc00000,0x000000dbfbd00000)]
  0x000002bff56f39c0 JavaThread "Daemon" [_thread_blocked, id=21768, stack(0x000000dbfbd00000,0x000000dbfbe00000)]
  0x000002bff56f43e0 JavaThread "Handler for socket connection from /127.0.0.1:52389 to /127.0.0.1:52390" [_thread_in_native, id=20904, stack(0x000000dbfbe00000,0x000000dbfbf00000)]
  0x000002bff56f5d30 JavaThread "Cancel handler" [_thread_blocked, id=16240, stack(0x000000dbfbf00000,0x000000dbfc000000)]
  0x000002bff56f6240 JavaThread "Daemon worker" [_thread_blocked, id=10308, stack(0x000000dbfc000000,0x000000dbfc100000)]
  0x000002bff56f6750 JavaThread "Asynchronous log dispatcher for DefaultDaemonConnection: socket connection from /127.0.0.1:52389 to /127.0.0.1:52390" [_thread_blocked, id=15936, stack(0x000000dbfc100000,0x000000dbfc200000)]
  0x000002bff56f2fa0 JavaThread "Stdin handler" [_thread_blocked, id=4660, stack(0x000000dbfc200000,0x000000dbfc300000)]
  0x000002bff56f5820 JavaThread "Daemon client event forwarder" [_thread_blocked, id=20168, stack(0x000000dbfc300000,0x000000dbfc400000)]
  0x000002bff56f48f0 JavaThread "Cache worker for journal cache (C:\Users\Hp\.gradle\caches\journal-1)" [_thread_blocked, id=20404, stack(0x000000dbfc400000,0x000000dbfc500000)]
  0x000002bff56f4e00 JavaThread "File lock request listener" [_thread_in_native, id=22244, stack(0x000000dbfc500000,0x000000dbfc600000)]
  0x000002bff52894f0 JavaThread "Cache worker for file hash cache (C:\Users\Hp\.gradle\caches\8.4\fileHashes)" [_thread_blocked, id=9724, stack(0x000000dbfc600000,0x000000dbfc700000)]
  0x000002bff528eb00 JavaThread "File watcher server" daemon [_thread_blocked, id=2532, stack(0x000000dbfc700000,0x000000dbfc800000)]
  0x000002bff5288fe0 JavaThread "File watcher consumer" daemon [_thread_blocked, id=5472, stack(0x000000dbfc800000,0x000000dbfc900000)]
  0x000002bff5290450 JavaThread "Cache worker for checksums cache (D:\DoanDoMinhTrung_2120110322\.gradle\8.4\checksums)" [_thread_blocked, id=11708, stack(0x000000dbfc900000,0x000000dbfca00000)]
  0x000002bff528f520 JavaThread "Cache worker for file hash cache (D:\DoanDoMinhTrung_2120110322\.gradle\8.4\fileHashes)" [_thread_blocked, id=10724, stack(0x000000dbfd100000,0x000000dbfd200000)]
  0x000002bff5289a00 JavaThread "Cache worker for cache directory md-supplier (C:\Users\Hp\.gradle\caches\8.4\md-supplier)" [_thread_blocked, id=14148, stack(0x000000dbfd200000,0x000000dbfd300000)]
  0x000002bff528ae40 JavaThread "Cache worker for file content cache (C:\Users\Hp\.gradle\caches\8.4\fileContent)" [_thread_blocked, id=20648, stack(0x000000dbfd300000,0x000000dbfd400000)]
  0x000002bff5289f10 JavaThread "Cache worker for cache directory md-rule (C:\Users\Hp\.gradle\caches\8.4\md-rule)" [_thread_blocked, id=4248, stack(0x000000dbfd400000,0x000000dbfd500000)]
  0x000002bff528a930 JavaThread "Cache worker for execution history cache (C:\Users\Hp\.gradle\caches\8.4\executionHistory)" [_thread_blocked, id=18532, stack(0x000000dbfd500000,0x000000dbfd600000)]
  0x000002bff528bd70 JavaThread "Cache worker for kotlin-dsl (C:\Users\Hp\.gradle\caches\8.4\kotlin-dsl)" [_thread_blocked, id=3900, stack(0x000000dbfd600000,0x000000dbfd700000)]
  0x000002bff528fa30 JavaThread "jar transforms" [_thread_blocked, id=13180, stack(0x000000dbfd700000,0x000000dbfd800000)]
  0x000002bff528ff40 JavaThread "jar transforms Thread 2" [_thread_blocked, id=22328, stack(0x000000dbfd800000,0x000000dbfd900000)]
  0x000002bff528e0e0 JavaThread "jar transforms Thread 3" [_thread_blocked, id=21740, stack(0x000000dbfd900000,0x000000dbfda00000)]
  0x000002bff528b350 JavaThread "jar transforms Thread 4" [_thread_blocked, id=19352, stack(0x000000dbfda00000,0x000000dbfdb00000)]
  0x000002bff528a420 JavaThread "Cache worker for dependencies-accessors (D:\DoanDoMinhTrung_2120110322\.gradle\8.4\dependencies-accessors)" [_thread_blocked, id=21640, stack(0x000000dbfdb00000,0x000000dbfdc00000)]
  0x000002bff528dbd0 JavaThread "Cache worker for Build Output Cleanup Cache (D:\DoanDoMinhTrung_2120110322\.gradle\buildOutputCleanup)" [_thread_blocked, id=8496, stack(0x000000dbfdc00000,0x000000dbfdd00000)]
  0x000002bff528b860 JavaThread "jar transforms Thread 5" [_thread_blocked, id=9356, stack(0x000000dbfdd00000,0x000000dbfde00000)]
  0x000002bff528e5f0 JavaThread "jar transforms Thread 6" [_thread_blocked, id=17064, stack(0x000000dbfde00000,0x000000dbfdf00000)]
  0x000002bff528c790 JavaThread "Unconstrained build operations" [_thread_blocked, id=17264, stack(0x000000dbfdf00000,0x000000dbfe000000)]
  0x000002bff5290960 JavaThread "Unconstrained build operations Thread 2" [_thread_blocked, id=880, stack(0x000000dbfe000000,0x000000dbfe100000)]
  0x000002bff528f010 JavaThread "Unconstrained build operations Thread 3" [_thread_blocked, id=4348, stack(0x000000dbfe100000,0x000000dbfe200000)]
  0x000002bff528cca0 JavaThread "Unconstrained build operations Thread 4" [_thread_blocked, id=7680, stack(0x000000dbfe200000,0x000000dbfe300000)]
  0x000002bff528d1b0 JavaThread "Unconstrained build operations Thread 5" [_thread_blocked, id=20004, stack(0x000000dbfe300000,0x000000dbfe400000)]
  0x000002bff528d6c0 JavaThread "Unconstrained build operations Thread 6" [_thread_blocked, id=18784, stack(0x000000dbfe400000,0x000000dbfe500000)]
  0x000002bff6596060 JavaThread "Unconstrained build operations Thread 7" [_thread_blocked, id=14024, stack(0x000000dbfe500000,0x000000dbfe600000)]
  0x000002bff659c090 JavaThread "Unconstrained build operations Thread 8" [_thread_blocked, id=16200, stack(0x000000dbfe600000,0x000000dbfe700000)]
  0x000002bff659b160 JavaThread "Unconstrained build operations Thread 9" [_thread_blocked, id=10516, stack(0x000000dbfe700000,0x000000dbfe800000)]
  0x000002bff659b670 JavaThread "Unconstrained build operations Thread 10" [_thread_blocked, id=11680, stack(0x000000dbfe800000,0x000000dbfe900000)]
  0x000002bff6596f90 JavaThread "Unconstrained build operations Thread 11" [_thread_blocked, id=11396, stack(0x000000dbfe900000,0x000000dbfea00000)]
  0x000002bff659cab0 JavaThread "jar transforms Thread 7" [_thread_blocked, id=14176, stack(0x000000dbfea00000,0x000000dbfeb00000)]
  0x000002bff6599810 JavaThread "jar transforms Thread 8" [_thread_blocked, id=10636, stack(0x000000dbfeb00000,0x000000dbfec00000)]
  0x000002bff6596570 JavaThread "jar transforms Thread 9" [_thread_blocked, id=17512, stack(0x000000dbfec00000,0x000000dbfed00000)]
  0x000002bff6599300 JavaThread "jar transforms Thread 10" [_thread_blocked, id=20800, stack(0x000000dbfed00000,0x000000dbfee00000)]
  0x000002bff6595b50 JavaThread "jar transforms Thread 11" [_thread_blocked, id=18308, stack(0x000000dbfee00000,0x000000dbfef00000)]
  0x000002bff659c5a0 JavaThread "jar transforms Thread 12" [_thread_blocked, id=13456, stack(0x000000dbfef00000,0x000000dbff000000)]
  0x000002bff6599d20 JavaThread "Memory manager" [_thread_blocked, id=15756, stack(0x000000dbff200000,0x000000dbff300000)]
  0x000002bff6ae3990 JavaThread "C2 CompilerThread2" daemon [_thread_blocked, id=17904, stack(0x000000dbfb500000,0x000000dbfb600000)]
  0x000002bff73d5b70 JavaThread "included builds" [_thread_blocked, id=16396, stack(0x000000dbff300000,0x000000dbff400000)]
  0x000002bff73d32f0 JavaThread "Execution worker" [_thread_blocked, id=22292, stack(0x000000dbff400000,0x000000dbff500000)]
  0x000002bff73d2de0 JavaThread "Execution worker Thread 2" [_thread_blocked, id=6348, stack(0x000000dbff500000,0x000000dbff600000)]
  0x000002bff73d0a70 JavaThread "Execution worker Thread 3" [_thread_blocked, id=17688, stack(0x000000dbff600000,0x000000dbff700000)]
  0x000002bff73d3800 JavaThread "Execution worker Thread 4" [_thread_blocked, id=18284, stack(0x000000dbff700000,0x000000dbff800000)]
  0x000002bff73d4220 JavaThread "Execution worker Thread 5" [_thread_blocked, id=20924, stack(0x000000dbff800000,0x000000dbff900000)]
  0x000002bff73d6080 JavaThread "Execution worker Thread 6" [_thread_blocked, id=4208, stack(0x000000dbff900000,0x000000dbffa00000)]
  0x000002bff73d5660 JavaThread "Execution worker Thread 7" [_thread_blocked, id=10612, stack(0x000000dbffa00000,0x000000dbffb00000)]
  0x000002bff73d3d10 JavaThread "Execution worker Thread 8" [_thread_blocked, id=5684, stack(0x000000dbffb00000,0x000000dbffc00000)]
  0x000002bff73d4c40 JavaThread "Execution worker Thread 9" [_thread_blocked, id=8036, stack(0x000000dbffc00000,0x000000dbffd00000)]
  0x000002bff73d6590 JavaThread "Execution worker Thread 10" [_thread_blocked, id=18724, stack(0x000000dbffd00000,0x000000dbffe00000)]
  0x000002bff73d4730 JavaThread "Execution worker Thread 11" [_thread_blocked, id=18420, stack(0x000000dbffe00000,0x000000dbfff00000)]
  0x000002bff73d5150 JavaThread "Cache worker for execution history cache (D:\DoanDoMinhTrung_2120110322\.gradle\8.4\executionHistory)" [_thread_blocked, id=12248, stack(0x000000dbfff00000,0x000000dc00000000)]
  0x000002bff73d6aa0 JavaThread "Unconstrained build operations Thread 12" [_thread_blocked, id=4496, stack(0x000000db80000000,0x000000db80100000)]
  0x000002bff73d6fb0 JavaThread "Unconstrained build operations Thread 13" [_thread_blocked, id=13408, stack(0x000000db80100000,0x000000db80200000)]
  0x000002bff73d74c0 JavaThread "Unconstrained build operations Thread 14" [_thread_blocked, id=20724, stack(0x000000db80200000,0x000000db80300000)]
  0x000002bff73d0050 JavaThread "Unconstrained build operations Thread 15" [_thread_blocked, id=2084, stack(0x000000db80300000,0x000000db80400000)]
  0x000002bff73d79d0 JavaThread "Unconstrained build operations Thread 16" [_thread_blocked, id=4988, stack(0x000000db80400000,0x000000db80500000)]
  0x000002bff73d28d0 JavaThread "Unconstrained build operations Thread 17" [_thread_blocked, id=15216, stack(0x000000db80500000,0x000000db80600000)]
  0x000002bff73d0560 JavaThread "Unconstrained build operations Thread 18" [_thread_blocked, id=16000, stack(0x000000db80600000,0x000000db80700000)]
  0x000002bff73d19a0 JavaThread "Unconstrained build operations Thread 19" [_thread_blocked, id=10788, stack(0x000000db80700000,0x000000db80800000)]
  0x000002bff73d1eb0 JavaThread "Unconstrained build operations Thread 20" [_thread_blocked, id=16824, stack(0x000000db80800000,0x000000db80900000)]
  0x000002bff73d23c0 JavaThread "Unconstrained build operations Thread 21" [_thread_blocked, id=18768, stack(0x000000db80900000,0x000000db80a00000)]
  0x000002bff56f5310 JavaThread "Unconstrained build operations Thread 22" [_thread_blocked, id=13128, stack(0x000000db80a00000,0x000000db80b00000)]
  0x000002bff916d820 JavaThread "Unconstrained build operations Thread 23" [_thread_blocked, id=19308, stack(0x000000db80b00000,0x000000db80c00000)]
  0x000002bff916afa0 JavaThread "Unconstrained build operations Thread 24" [_thread_blocked, id=3668, stack(0x000000db80c00000,0x000000db80d00000)]
  0x000002bff9168210 JavaThread "Unconstrained build operations Thread 25" [_thread_blocked, id=22388, stack(0x000000db80d00000,0x000000db80e00000)]
  0x000002bff916a580 JavaThread "Unconstrained build operations Thread 26" [_thread_blocked, id=5688, stack(0x000000db80e00000,0x000000db80f00000)]
  0x000002bff9169140 JavaThread "Unconstrained build operations Thread 27" [_thread_blocked, id=17096, stack(0x000000db80f00000,0x000000db81000000)]
  0x000002bff916c8f0 JavaThread "Unconstrained build operations Thread 28" [_thread_blocked, id=11504, stack(0x000000db81000000,0x000000db81100000)]
  0x000002bff9168720 JavaThread "Unconstrained build operations Thread 29" [_thread_blocked, id=14032, stack(0x000000db81100000,0x000000db81200000)]
  0x000002bff91672e0 JavaThread "Unconstrained build operations Thread 30" [_thread_blocked, id=13360, stack(0x000000db81200000,0x000000db81300000)]
  0x000002bff9166dd0 JavaThread "Unconstrained build operations Thread 31" [_thread_blocked, id=17032, stack(0x000000db81300000,0x000000db81400000)]
  0x000002bff9168c30 JavaThread "Unconstrained build operations Thread 32" [_thread_blocked, id=10948, stack(0x000000db81400000,0x000000db81500000)]
  0x000002bff91663b0 JavaThread "Unconstrained build operations Thread 33" [_thread_blocked, id=10836, stack(0x000000db81500000,0x000000db81600000)]
  0x000002bff916d310 JavaThread "Unconstrained build operations Thread 34" [_thread_blocked, id=11360, stack(0x000000db81600000,0x000000db81700000)]
  0x000002bff9169b60 JavaThread "Unconstrained build operations Thread 35" [_thread_blocked, id=4356, stack(0x000000db81700000,0x000000db81800000)]
  0x000002bff916ce00 JavaThread "Unconstrained build operations Thread 36" [_thread_blocked, id=21268, stack(0x000000db81800000,0x000000db81900000)]
  0x000002bff916bed0 JavaThread "Unconstrained build operations Thread 37" [_thread_blocked, id=14788, stack(0x000000db81900000,0x000000db81a00000)]
  0x000002bff916dd30 JavaThread "Unconstrained build operations Thread 38" [_thread_blocked, id=19272, stack(0x000000db81a00000,0x000000db81b00000)]
  0x000002bff91668c0 JavaThread "Unconstrained build operations Thread 39" [_thread_blocked, id=2452, stack(0x000000db81b00000,0x000000db81c00000)]
  0x000002bff916c3e0 JavaThread "Unconstrained build operations Thread 40" [_thread_blocked, id=14572, stack(0x000000db81c00000,0x000000db81d00000)]
  0x000002bff9169650 JavaThread "Unconstrained build operations Thread 41" [_thread_blocked, id=21896, stack(0x000000db81d00000,0x000000db81e00000)]
  0x000002bff9167d00 JavaThread "Unconstrained build operations Thread 42" [_thread_blocked, id=2968, stack(0x000000db81e00000,0x000000db81f00000)]
  0x000002bff916a070 JavaThread "Unconstrained build operations Thread 43" [_thread_blocked, id=17312, stack(0x000000db81f00000,0x000000db82000000)]
  0x000002bff916aa90 JavaThread "Unconstrained build operations Thread 44" [_thread_blocked, id=11280, stack(0x000000db82000000,0x000000db82100000)]
  0x000002bff916b4b0 JavaThread "Unconstrained build operations Thread 45" [_thread_blocked, id=544, stack(0x000000db82100000,0x000000db82200000)]
  0x000002bff916b9c0 JavaThread "Unconstrained build operations Thread 46" [_thread_blocked, id=17204, stack(0x000000db82200000,0x000000db82300000)]
  0x000002bffb1f5db0 JavaThread "Unconstrained build operations Thread 47" [_thread_blocked, id=10236, stack(0x000000db82300000,0x000000db82400000)]
  0x000002bffb1f8b40 JavaThread "Unconstrained build operations Thread 48" [_thread_blocked, id=20716, stack(0x000000db82400000,0x000000db82500000)]
  0x000002bffb1f4e80 JavaThread "Unconstrained build operations Thread 49" [_thread_blocked, id=21244, stack(0x000000db82500000,0x000000db82600000)]
  0x000002bffb1f3530 JavaThread "Unconstrained build operations Thread 50" [_thread_blocked, id=12088, stack(0x000000db82600000,0x000000db82700000)]
  0x000002bffb1f9f80 JavaThread "Unconstrained build operations Thread 51" [_thread_blocked, id=21696, stack(0x000000db82700000,0x000000db82800000)]
  0x000002bffb1f9050 JavaThread "Unconstrained build operations Thread 52" [_thread_blocked, id=6132, stack(0x000000db82800000,0x000000db82900000)]
  0x000002bffb1f9560 JavaThread "Unconstrained build operations Thread 53" [_thread_blocked, id=12324, stack(0x000000db82900000,0x000000db82a00000)]
  0x000002bffb1fa490 JavaThread "Unconstrained build operations Thread 54" [_thread_blocked, id=19552, stack(0x000000db82a00000,0x000000db82b00000)]
  0x000002bffb1f62c0 JavaThread "Unconstrained build operations Thread 55" [_thread_blocked, id=12168, stack(0x000000db82b00000,0x000000db82c00000)]
  0x000002bffb1f7700 JavaThread "Unconstrained build operations Thread 56" [_thread_blocked, id=18516, stack(0x000000db82c00000,0x000000db82d00000)]
  0x000002bffb1fa9a0 JavaThread "Unconstrained build operations Thread 57" [_thread_blocked, id=296, stack(0x000000db82d00000,0x000000db82e00000)]
  0x000002bffb1f5390 JavaThread "Unconstrained build operations Thread 58" [_thread_blocked, id=17104, stack(0x000000db82e00000,0x000000db82f00000)]
  0x000002bffb1f67d0 JavaThread "Unconstrained build operations Thread 59" [_thread_blocked, id=84, stack(0x000000db82f00000,0x000000db83000000)]
  0x000002bffb1faeb0 JavaThread "Unconstrained build operations Thread 60" [_thread_blocked, id=292, stack(0x000000db83000000,0x000000db83100000)]
  0x000002bffb1f71f0 JavaThread "Unconstrained build operations Thread 61" [_thread_blocked, id=10060, stack(0x000000db83100000,0x000000db83200000)]
  0x000002bffb1f58a0 JavaThread "Unconstrained build operations Thread 62" [_thread_blocked, id=10620, stack(0x000000db83200000,0x000000db83300000)]
  0x000002bffb1f6ce0 JavaThread "Unconstrained build operations Thread 63" [_thread_blocked, id=3332, stack(0x000000db83300000,0x000000db83400000)]
  0x000002bffb1f8630 JavaThread "Unconstrained build operations Thread 64" [_thread_blocked, id=13432, stack(0x000000db83400000,0x000000db83500000)]
  0x000002bffb1f7c10 JavaThread "Unconstrained build operations Thread 65" [_thread_blocked, id=20080, stack(0x000000db83500000,0x000000db83600000)]
  0x000002bffb1f8120 JavaThread "Unconstrained build operations Thread 66" [_thread_blocked, id=14352, stack(0x000000db83600000,0x000000db83700000)]
  0x000002bffb1f9a70 JavaThread "Unconstrained build operations Thread 67" [_thread_blocked, id=2572, stack(0x000000db83700000,0x000000db83800000)]
  0x000002bffb1f3a40 JavaThread "Unconstrained build operations Thread 68" [_thread_blocked, id=12476, stack(0x000000db83800000,0x000000db83900000)]

Other Threads:
=>0x000002bfef98fbe0 VMThread "VM Thread" [stack: 0x000000dbfa700000,0x000000dbfa800000] [id=4636]
  0x000002bfd13ac360 WatcherThread [stack: 0x000000dbfb300000,0x000000dbfb400000] [id=18896]
  0x000002bfd1373af0 GCTaskThread "GC Thread#0" [stack: 0x000000dbfa200000,0x000000dbfa300000] [id=2508]
  0x000002bff4fe0230 GCTaskThread "GC Thread#1" [stack: 0x000000dbfb600000,0x000000dbfb700000] [id=2964]
  0x000002bff5020250 GCTaskThread "GC Thread#2" [stack: 0x000000dbfb700000,0x000000dbfb800000] [id=12708]
  0x000002bff55df9c0 GCTaskThread "GC Thread#3" [stack: 0x000000dbfb800000,0x000000dbfb900000] [id=18720]
  0x000002bff4a87850 GCTaskThread "GC Thread#4" [stack: 0x000000dbfb900000,0x000000dbfba00000] [id=18596]
  0x000002bff81ae440 GCTaskThread "GC Thread#5" [stack: 0x000000dbfca00000,0x000000dbfcb00000] [id=16548]
  0x000002bff81aef40 GCTaskThread "GC Thread#6" [stack: 0x000000dbfcb00000,0x000000dbfcc00000] [id=13720]
  0x000002bff81ad3c0 GCTaskThread "GC Thread#7" [stack: 0x000000dbfcc00000,0x000000dbfcd00000] [id=20156]
  0x000002bff81ad680 GCTaskThread "GC Thread#8" [stack: 0x000000dbfcd00000,0x000000dbfce00000] [id=20996]
  0x000002bff81ae9c0 GCTaskThread "GC Thread#9" [stack: 0x000000dbfce00000,0x000000dbfcf00000] [id=16888]
  0x000002bfd1385050 ConcurrentGCThread "G1 Main Marker" [stack: 0x000000dbfa300000,0x000000dbfa400000] [id=13852]
  0x000002bfd1386200 ConcurrentGCThread "G1 Conc#0" [stack: 0x000000dbfa400000,0x000000dbfa500000] [id=15416]
  0x000002bff81adc00 ConcurrentGCThread "G1 Conc#1" [stack: 0x000000dbfcf00000,0x000000dbfd000000] [id=1236]
  0x000002bff81adec0 ConcurrentGCThread "G1 Conc#2" [stack: 0x000000dbfd000000,0x000000dbfd100000] [id=13864]
  0x000002bfef84f960 ConcurrentGCThread "G1 Refine#0" [stack: 0x000000dbfa500000,0x000000dbfa600000] [id=10840]
  0x000002bff807b030 ConcurrentGCThread "G1 Refine#1" [stack: 0x000000dbff000000,0x000000dbff100000] [id=11084]
  0x000002bff8079e90 ConcurrentGCThread "G1 Refine#2" [stack: 0x000000dbff100000,0x000000dbff200000] [id=11372]
  0x000002bfef850390 ConcurrentGCThread "G1 Service" [stack: 0x000000dbfa600000,0x000000dbfa700000] [id=20308]

Threads with active compile tasks:
C2 CompilerThread0     8390 10539       4       org.gradle.internal.snapshot.MediumChildMap::withNode (67 bytes)
C1 CompilerThread0     8390 10616       2       org.gradle.internal.execution.steps.SkipUpToDateStep$1::getOutput (17 bytes)
C2 CompilerThread1     8390 9804       4       org.gradle.internal.snapshot.ChildMap$Entry::handleAncestorDescendantOrExactMatch (110 bytes)
C2 CompilerThread2     8390 10603 %     4       org.gradle.cache.internal.btree.BTreePersistentIndexedCache$IndexBlock::read @ 16 (94 bytes)

VM state: at safepoint (normal execution)

VM Mutex/Monitor currently owned by a thread:  ([mutex/lock_event])
[0x000002bfd1310200] Threads_lock - owner thread: 0x000002bfef98fbe0
[0x000002bfd13116d0] Heap_lock - owner thread: 0x000002bfd1385050

Heap address: 0x0000000080000000, size: 2048 MB, Compressed Oops mode: 32-bit

CDS archive(s) mapped at: [0x000002bf80000000-0x000002bf80bd0000-0x000002bf80bd0000), size 12386304, SharedBaseAddress: 0x000002bf80000000, ArchiveRelocationMode: 1.
Compressed class space mapped at: 0x000002bf81000000-0x000002bfc1000000, reserved size: 1073741824
Narrow klass base: 0x000002bf80000000, Narrow klass shift: 0, Narrow klass range: 0x100000000

GC Precious Log:
 CPUs: 12 total, 12 available
 Memory: 15573M
 Large Page Support: Disabled
 NUMA Support: Disabled
 Compressed Oops: Enabled (32-bit)
 Heap Region Size: 1M
 Heap Min Capacity: 8M
 Heap Initial Capacity: 244M
 Heap Max Capacity: 2G
 Pre-touch: Disabled
 Parallel Workers: 10
 Concurrent Workers: 3
 Concurrent Refinement Workers: 10
 Periodic GC: Disabled

Heap:
 garbage-first heap   total 146432K, used 99117K [0x0000000080000000, 0x0000000100000000)
  region size 1024K, 22 young (22528K), 5 survivors (5120K)
 Metaspace       used 83883K, committed 84672K, reserved 1179648K
  class space    used 11893K, committed 12288K, reserved 1048576K

Heap Regions: E=young(eden), S=young(survivor), O=old, HS=humongous(starts), HC=humongous(continues), CS=collection set, F=free, OA=open archive, CA=closed archive, TAMS=top-at-mark-start (previous, next)
|   0|0x0000000080000000, 0x0000000080100000, 0x0000000080100000|100%|HS|  |TAMS 0x0000000080100000, 0x0000000080000000| Complete 
|   1|0x0000000080100000, 0x0000000080200000, 0x0000000080200000|100%|HC|  |TAMS 0x0000000080200000, 0x0000000080100000| Complete 
|   2|0x0000000080200000, 0x0000000080300000, 0x0000000080300000|100%|HC|  |TAMS 0x0000000080300000, 0x0000000080200000| Complete 
|   3|0x0000000080300000, 0x0000000080400000, 0x0000000080400000|100%|HC|  |TAMS 0x0000000080400000, 0x0000000080300000| Complete 
|   4|0x0000000080400000, 0x0000000080500000, 0x0000000080500000|100%| O|  |TAMS 0x0000000080500000, 0x0000000080400000| Untracked 
|   5|0x0000000080500000, 0x0000000080600000, 0x0000000080600000|100%| O|  |TAMS 0x0000000080600000, 0x0000000080500000| Untracked 
|   6|0x0000000080600000, 0x0000000080700000, 0x0000000080700000|100%| O|  |TAMS 0x0000000080700000, 0x0000000080600000| Untracked 
|   7|0x0000000080700000, 0x0000000080800000, 0x0000000080800000|100%| O|  |TAMS 0x0000000080800000, 0x0000000080700000| Updating 
|   8|0x0000000080800000, 0x0000000080900000, 0x0000000080900000|100%| O|  |TAMS 0x0000000080900000, 0x0000000080800000| Untracked 
|   9|0x0000000080900000, 0x0000000080a00000, 0x0000000080a00000|100%| O|  |TAMS 0x0000000080a00000, 0x0000000080900000| Untracked 
|  10|0x0000000080a00000, 0x0000000080b00000, 0x0000000080b00000|100%| O|  |TAMS 0x0000000080b00000, 0x0000000080a00000| Updating 
|  11|0x0000000080b00000, 0x0000000080b00000, 0x0000000080c00000|  0%| F|  |TAMS 0x0000000080b00000, 0x0000000080b00000| Untracked 
|  12|0x0000000080c00000, 0x0000000080d00000, 0x0000000080d00000|100%| O|  |TAMS 0x0000000080d00000, 0x0000000080c00000| Untracked 
|  13|0x0000000080d00000, 0x0000000080e00000, 0x0000000080e00000|100%| O|  |TAMS 0x0000000080e00000, 0x0000000080d00000| Untracked 
|  14|0x0000000080e00000, 0x0000000080f00000, 0x0000000080f00000|100%| O|  |TAMS 0x0000000080f00000, 0x0000000080e00000| Updating 
|  15|0x0000000080f00000, 0x0000000081000000, 0x0000000081000000|100%| O|  |TAMS 0x0000000081000000, 0x0000000080f00000| Untracked 
|  16|0x0000000081000000, 0x0000000081100000, 0x0000000081100000|100%| O|  |TAMS 0x0000000081100000, 0x0000000081000000| Untracked 
|  17|0x0000000081100000, 0x0000000081200000, 0x0000000081200000|100%| O|  |TAMS 0x0000000081200000, 0x0000000081100000| Untracked 
|  18|0x0000000081200000, 0x0000000081300000, 0x0000000081300000|100%| O|  |TAMS 0x0000000081300000, 0x0000000081200000| Untracked 
|  19|0x0000000081300000, 0x0000000081400000, 0x0000000081400000|100%| O|  |TAMS 0x0000000081400000, 0x0000000081300000| Untracked 
|  20|0x0000000081400000, 0x0000000081500000, 0x0000000081500000|100%| O|  |TAMS 0x0000000081500000, 0x0000000081400000| Untracked 
|  21|0x0000000081500000, 0x0000000081600000, 0x0000000081600000|100%| O|  |TAMS 0x0000000081600000, 0x0000000081500000| Untracked 
|  22|0x0000000081600000, 0x0000000081700000, 0x0000000081700000|100%| O|  |TAMS 0x0000000081700000, 0x0000000081600000| Untracked 
|  23|0x0000000081700000, 0x0000000081800000, 0x0000000081800000|100%| O|  |TAMS 0x0000000081800000, 0x0000000081700000| Updating 
|  24|0x0000000081800000, 0x0000000081900000, 0x0000000081900000|100%| O|  |TAMS 0x0000000081900000, 0x0000000081800000| Updating 
|  25|0x0000000081900000, 0x0000000081a00000, 0x0000000081a00000|100%| O|  |TAMS 0x0000000081a00000, 0x0000000081900000| Updating 
|  26|0x0000000081a00000, 0x0000000081b00000, 0x0000000081b00000|100%| O|  |TAMS 0x0000000081b00000, 0x0000000081a00000| Untracked 
|  27|0x0000000081b00000, 0x0000000081c00000, 0x0000000081c00000|100%| O|  |TAMS 0x0000000081c00000, 0x0000000081b00000| Untracked 
|  28|0x0000000081c00000, 0x0000000081d00000, 0x0000000081d00000|100%| O|  |TAMS 0x0000000081d00000, 0x0000000081c00000| Untracked 
|  29|0x0000000081d00000, 0x0000000081e00000, 0x0000000081e00000|100%| O|  |TAMS 0x0000000081e00000, 0x0000000081d00000| Untracked 
|  30|0x0000000081e00000, 0x0000000081f00000, 0x0000000081f00000|100%| O|  |TAMS 0x0000000081f00000, 0x0000000081e00000| Untracked 
|  31|0x0000000081f00000, 0x0000000082000000, 0x0000000082000000|100%|HS|  |TAMS 0x0000000082000000, 0x0000000081f00000| Complete 
|  32|0x0000000082000000, 0x0000000082100000, 0x0000000082100000|100%|HS|  |TAMS 0x0000000082100000, 0x0000000082000000| Complete 
|  33|0x0000000082100000, 0x0000000082200000, 0x0000000082200000|100%|HS|  |TAMS 0x0000000082200000, 0x0000000082100000| Complete 
|  34|0x0000000082200000, 0x0000000082300000, 0x0000000082300000|100%| O|  |TAMS 0x0000000082300000, 0x0000000082200000| Updating 
|  35|0x0000000082300000, 0x0000000082400000, 0x0000000082400000|100%| O|  |TAMS 0x0000000082400000, 0x0000000082300000| Updating 
|  36|0x0000000082400000, 0x0000000082500000, 0x0000000082500000|100%| O|  |TAMS 0x0000000082500000, 0x0000000082400000| Untracked 
|  37|0x0000000082500000, 0x0000000082600000, 0x0000000082600000|100%| O|  |TAMS 0x0000000082600000, 0x0000000082500000| Untracked 
|  38|0x0000000082600000, 0x0000000082700000, 0x0000000082700000|100%| O|  |TAMS 0x0000000082700000, 0x0000000082600000| Updating 
|  39|0x0000000082700000, 0x0000000082800000, 0x0000000082800000|100%| O|  |TAMS 0x0000000082800000, 0x0000000082700000| Untracked 
|  40|0x0000000082800000, 0x0000000082900000, 0x0000000082900000|100%| O|  |TAMS 0x0000000082900000, 0x0000000082800000| Untracked 
|  41|0x0000000082900000, 0x0000000082a00000, 0x0000000082a00000|100%|HS|  |TAMS 0x0000000082a00000, 0x0000000082900000| Complete 
|  42|0x0000000082a00000, 0x0000000082b00000, 0x0000000082b00000|100%| O|  |TAMS 0x0000000082b00000, 0x0000000082a00000| Updating 
|  43|0x0000000082b00000, 0x0000000082c00000, 0x0000000082c00000|100%| O|  |TAMS 0x0000000082c00000, 0x0000000082b00000| Updating 
|  44|0x0000000082c00000, 0x0000000082d00000, 0x0000000082d00000|100%| O|  |TAMS 0x0000000082d00000, 0x0000000082c00000| Untracked 
|  45|0x0000000082d00000, 0x0000000082e00000, 0x0000000082e00000|100%|HS|  |TAMS 0x0000000082e00000, 0x0000000082d00000| Complete 
|  46|0x0000000082e00000, 0x0000000082f00000, 0x0000000082f00000|100%| O|  |TAMS 0x0000000082f00000, 0x0000000082e00000| Untracked 
|  47|0x0000000082f00000, 0x0000000083000000, 0x0000000083000000|100%| O|  |TAMS 0x0000000083000000, 0x0000000082f00000| Updating 
|  48|0x0000000083000000, 0x0000000083100000, 0x0000000083100000|100%| O|  |TAMS 0x0000000083100000, 0x0000000083000000| Untracked 
|  49|0x0000000083100000, 0x0000000083200000, 0x0000000083200000|100%| O|  |TAMS 0x0000000083200000, 0x0000000083100000| Untracked 
|  50|0x0000000083200000, 0x0000000083300000, 0x0000000083300000|100%| O|  |TAMS 0x0000000083300000, 0x0000000083200000| Untracked 
|  51|0x0000000083300000, 0x0000000083400000, 0x0000000083400000|100%| O|  |TAMS 0x0000000083400000, 0x0000000083300000| Untracked 
|  52|0x0000000083400000, 0x0000000083500000, 0x0000000083500000|100%| O|  |TAMS 0x0000000083500000, 0x0000000083400000| Untracked 
|  53|0x0000000083500000, 0x0000000083600000, 0x0000000083600000|100%| O|  |TAMS 0x0000000083600000, 0x0000000083500000| Untracked 
|  54|0x0000000083600000, 0x0000000083700000, 0x0000000083700000|100%| O|  |TAMS 0x0000000083700000, 0x0000000083600000| Untracked 
|  55|0x0000000083700000, 0x0000000083800000, 0x0000000083800000|100%| O|  |TAMS 0x0000000083800000, 0x0000000083700000| Updating 
|  56|0x0000000083800000, 0x0000000083900000, 0x0000000083900000|100%| O|  |TAMS 0x0000000083900000, 0x0000000083800000| Untracked 
|  57|0x0000000083900000, 0x0000000083a00000, 0x0000000083a00000|100%| O|  |TAMS 0x0000000083a00000, 0x0000000083900000| Updating 
|  58|0x0000000083a00000, 0x0000000083b00000, 0x0000000083b00000|100%| O|  |TAMS 0x0000000083b00000, 0x0000000083a00000| Updating 
|  59|0x0000000083b00000, 0x0000000083c00000, 0x0000000083c00000|100%| O|  |TAMS 0x0000000083c00000, 0x0000000083b00000| Updating 
|  60|0x0000000083c00000, 0x0000000083d00000, 0x0000000083d00000|100%| O|  |TAMS 0x0000000083d00000, 0x0000000083c00000| Untracked 
|  61|0x0000000083d00000, 0x0000000083e00000, 0x0000000083e00000|100%| O|  |TAMS 0x0000000083e00000, 0x0000000083d00000| Untracked 
|  62|0x0000000083e00000, 0x0000000083f00000, 0x0000000083f00000|100%| O|  |TAMS 0x0000000083f00000, 0x0000000083e00000| Untracked 
|  63|0x0000000083f00000, 0x0000000084000000, 0x0000000084000000|100%| O|  |TAMS 0x0000000084000000, 0x0000000083f00000| Untracked 
|  64|0x0000000084000000, 0x0000000084100000, 0x0000000084100000|100%| O|  |TAMS 0x0000000084100000, 0x0000000084000000| Untracked 
|  65|0x0000000084100000, 0x0000000084200000, 0x0000000084200000|100%| O|  |TAMS 0x0000000084200000, 0x0000000084100000| Updating 
|  66|0x0000000084200000, 0x0000000084300000, 0x0000000084300000|100%| O|  |TAMS 0x0000000084300000, 0x0000000084200000| Untracked 
|  67|0x0000000084300000, 0x0000000084400000, 0x0000000084400000|100%| O|  |TAMS 0x0000000084400000, 0x0000000084300000| Untracked 
|  68|0x0000000084400000, 0x0000000084500000, 0x0000000084500000|100%| O|  |TAMS 0x0000000084500000, 0x0000000084400000| Untracked 
|  69|0x0000000084500000, 0x0000000084600000, 0x0000000084600000|100%| O|  |TAMS 0x0000000084600000, 0x0000000084500000| Untracked 
|  70|0x0000000084600000, 0x0000000084700000, 0x0000000084700000|100%| O|  |TAMS 0x0000000084700000, 0x0000000084600000| Updating 
|  71|0x0000000084700000, 0x0000000084800000, 0x0000000084800000|100%| O|  |TAMS 0x0000000084800000, 0x0000000084700000| Updating 
|  72|0x0000000084800000, 0x0000000084900000, 0x0000000084900000|100%| O|  |TAMS 0x0000000084900000, 0x0000000084800000| Untracked 
|  73|0x0000000084900000, 0x0000000084a00000, 0x0000000084a00000|100%| O|  |TAMS 0x0000000084a00000, 0x0000000084900000| Untracked 
|  74|0x0000000084a00000, 0x0000000084b00000, 0x0000000084b00000|100%| O|  |TAMS 0x0000000084b00000, 0x0000000084a00000| Untracked 
|  75|0x0000000084b00000, 0x0000000084c00000, 0x0000000084c00000|100%| O|  |TAMS 0x0000000084c00000, 0x0000000084b00000| Updating 
|  76|0x0000000084c00000, 0x0000000084d00000, 0x0000000084d00000|100%| O|  |TAMS 0x0000000084d00000, 0x0000000084c00000| Updating 
|  77|0x0000000084d00000, 0x0000000084e00000, 0x0000000084e00000|100%| O|  |TAMS 0x0000000084e00000, 0x0000000084d00000| Updating 
|  78|0x0000000084e00000, 0x0000000084e84a00, 0x0000000084f00000| 51%| O|  |TAMS 0x0000000084e84a00, 0x0000000084e00000| Updating 
|  79|0x0000000084f00000, 0x0000000084f00000, 0x0000000085000000|  0%| F|  |TAMS 0x0000000084f00000, 0x0000000084f00000| Untracked 
|  80|0x0000000085000000, 0x0000000085000000, 0x0000000085100000|  0%| F|  |TAMS 0x0000000085000000, 0x0000000085000000| Untracked 
|  81|0x0000000085100000, 0x0000000085100000, 0x0000000085200000|  0%| F|  |TAMS 0x0000000085100000, 0x0000000085100000| Untracked 
|  82|0x0000000085200000, 0x0000000085200000, 0x0000000085300000|  0%| F|  |TAMS 0x0000000085200000, 0x0000000085200000| Untracked 
|  83|0x0000000085300000, 0x0000000085300000, 0x0000000085400000|  0%| F|  |TAMS 0x0000000085300000, 0x0000000085300000| Untracked 
|  84|0x0000000085400000, 0x0000000085400000, 0x0000000085500000|  0%| F|  |TAMS 0x0000000085400000, 0x0000000085400000| Untracked 
|  85|0x0000000085500000, 0x0000000085500000, 0x0000000085600000|  0%| F|  |TAMS 0x0000000085500000, 0x0000000085500000| Untracked 
|  86|0x0000000085600000, 0x0000000085600000, 0x0000000085700000|  0%| F|  |TAMS 0x0000000085600000, 0x0000000085600000| Untracked 
|  87|0x0000000085700000, 0x0000000085700000, 0x0000000085800000|  0%| F|  |TAMS 0x0000000085700000, 0x0000000085700000| Untracked 
|  88|0x0000000085800000, 0x0000000085800000, 0x0000000085900000|  0%| F|  |TAMS 0x0000000085800000, 0x0000000085800000| Untracked 
|  89|0x0000000085900000, 0x0000000085900000, 0x0000000085a00000|  0%| F|  |TAMS 0x0000000085900000, 0x0000000085900000| Untracked 
|  90|0x0000000085a00000, 0x0000000085a00000, 0x0000000085b00000|  0%| F|  |TAMS 0x0000000085a00000, 0x0000000085a00000| Untracked 
|  91|0x0000000085b00000, 0x0000000085b00000, 0x0000000085c00000|  0%| F|  |TAMS 0x0000000085b00000, 0x0000000085b00000| Untracked 
|  92|0x0000000085c00000, 0x0000000085c00000, 0x0000000085d00000|  0%| F|  |TAMS 0x0000000085c00000, 0x0000000085c00000| Untracked 
|  93|0x0000000085d00000, 0x0000000085d00000, 0x0000000085e00000|  0%| F|  |TAMS 0x0000000085d00000, 0x0000000085d00000| Untracked 
|  94|0x0000000085e00000, 0x0000000085e00000, 0x0000000085f00000|  0%| F|  |TAMS 0x0000000085e00000, 0x0000000085e00000| Untracked 
|  95|0x0000000085f00000, 0x0000000085f00000, 0x0000000086000000|  0%| F|  |TAMS 0x0000000085f00000, 0x0000000085f00000| Untracked 
|  96|0x0000000086000000, 0x0000000086000000, 0x0000000086100000|  0%| F|  |TAMS 0x0000000086000000, 0x0000000086000000| Untracked 
|  97|0x0000000086100000, 0x0000000086100000, 0x0000000086200000|  0%| F|  |TAMS 0x0000000086100000, 0x0000000086100000| Untracked 
|  98|0x0000000086200000, 0x0000000086200000, 0x0000000086300000|  0%| F|  |TAMS 0x0000000086200000, 0x0000000086200000| Untracked 
|  99|0x0000000086300000, 0x0000000086346a00, 0x0000000086400000| 27%| S|CS|TAMS 0x0000000086300000, 0x0000000086300000| Complete 
| 100|0x0000000086400000, 0x0000000086500000, 0x0000000086500000|100%| S|CS|TAMS 0x0000000086400000, 0x0000000086400000| Complete 
| 101|0x0000000086500000, 0x0000000086600000, 0x0000000086600000|100%| S|CS|TAMS 0x0000000086500000, 0x0000000086500000| Complete 
| 102|0x0000000086600000, 0x0000000086700000, 0x0000000086700000|100%| S|CS|TAMS 0x0000000086600000, 0x0000000086600000| Complete 
| 103|0x0000000086700000, 0x0000000086800000, 0x0000000086800000|100%| S|CS|TAMS 0x0000000086700000, 0x0000000086700000| Complete 
| 104|0x0000000086800000, 0x0000000086800000, 0x0000000086900000|  0%| F|  |TAMS 0x0000000086800000, 0x0000000086800000| Untracked 
| 105|0x0000000086900000, 0x0000000086900000, 0x0000000086a00000|  0%| F|  |TAMS 0x0000000086900000, 0x0000000086900000| Untracked 
| 106|0x0000000086a00000, 0x0000000086a00000, 0x0000000086b00000|  0%| F|  |TAMS 0x0000000086a00000, 0x0000000086a00000| Untracked 
| 107|0x0000000086b00000, 0x0000000086b00000, 0x0000000086c00000|  0%| F|  |TAMS 0x0000000086b00000, 0x0000000086b00000| Untracked 
| 108|0x0000000086c00000, 0x0000000086c00000, 0x0000000086d00000|  0%| F|  |TAMS 0x0000000086c00000, 0x0000000086c00000| Untracked 
| 109|0x0000000086d00000, 0x0000000086d00000, 0x0000000086e00000|  0%| F|  |TAMS 0x0000000086d00000, 0x0000000086d00000| Untracked 
| 110|0x0000000086e00000, 0x0000000086e00000, 0x0000000086f00000|  0%| F|  |TAMS 0x0000000086e00000, 0x0000000086e00000| Untracked 
| 111|0x0000000086f00000, 0x0000000086f00000, 0x0000000087000000|  0%| F|  |TAMS 0x0000000086f00000, 0x0000000086f00000| Untracked 
| 112|0x0000000087000000, 0x0000000087000000, 0x0000000087100000|  0%| F|  |TAMS 0x0000000087000000, 0x0000000087000000| Untracked 
| 113|0x0000000087100000, 0x0000000087100000, 0x0000000087200000|  0%| F|  |TAMS 0x0000000087100000, 0x0000000087100000| Untracked 
| 114|0x0000000087200000, 0x0000000087200000, 0x0000000087300000|  0%| F|  |TAMS 0x0000000087200000, 0x0000000087200000| Untracked 
| 115|0x0000000087300000, 0x0000000087300000, 0x0000000087400000|  0%| F|  |TAMS 0x0000000087300000, 0x0000000087300000| Untracked 
| 116|0x0000000087400000, 0x0000000087400000, 0x0000000087500000|  0%| F|  |TAMS 0x0000000087400000, 0x0000000087400000| Untracked 
| 117|0x0000000087500000, 0x0000000087500000, 0x0000000087600000|  0%| F|  |TAMS 0x0000000087500000, 0x0000000087500000| Untracked 
| 118|0x0000000087600000, 0x0000000087600000, 0x0000000087700000|  0%| F|  |TAMS 0x0000000087600000, 0x0000000087600000| Untracked 
| 119|0x0000000087700000, 0x0000000087700000, 0x0000000087800000|  0%| F|  |TAMS 0x0000000087700000, 0x0000000087700000| Untracked 
| 120|0x0000000087800000, 0x0000000087800000, 0x0000000087900000|  0%| F|  |TAMS 0x0000000087800000, 0x0000000087800000| Untracked 
| 121|0x0000000087900000, 0x0000000087900000, 0x0000000087a00000|  0%| F|  |TAMS 0x0000000087900000, 0x0000000087900000| Untracked 
| 122|0x0000000087a00000, 0x0000000087a00000, 0x0000000087b00000|  0%| F|  |TAMS 0x0000000087a00000, 0x0000000087a00000| Untracked 
| 123|0x0000000087b00000, 0x0000000087b00000, 0x0000000087c00000|  0%| F|  |TAMS 0x0000000087b00000, 0x0000000087b00000| Untracked 
| 124|0x0000000087c00000, 0x0000000087c00000, 0x0000000087d00000|  0%| F|  |TAMS 0x0000000087c00000, 0x0000000087c00000| Untracked 
| 125|0x0000000087d00000, 0x0000000087d00000, 0x0000000087e00000|  0%| F|  |TAMS 0x0000000087d00000, 0x0000000087d00000| Untracked 
| 126|0x0000000087e00000, 0x0000000087ed4a20, 0x0000000087f00000| 83%| E|  |TAMS 0x0000000087e00000, 0x0000000087e00000| Complete 
| 127|0x0000000087f00000, 0x0000000088000000, 0x0000000088000000|100%| E|CS|TAMS 0x0000000087f00000, 0x0000000087f00000| Complete 
| 128|0x0000000088000000, 0x0000000088100000, 0x0000000088100000|100%| E|CS|TAMS 0x0000000088000000, 0x0000000088000000| Complete 
| 129|0x0000000088100000, 0x0000000088200000, 0x0000000088200000|100%| E|CS|TAMS 0x0000000088100000, 0x0000000088100000| Complete 
| 130|0x0000000088200000, 0x0000000088300000, 0x0000000088300000|100%| E|CS|TAMS 0x0000000088200000, 0x0000000088200000| Complete 
| 131|0x0000000088300000, 0x0000000088400000, 0x0000000088400000|100%| E|CS|TAMS 0x0000000088300000, 0x0000000088300000| Complete 
| 132|0x0000000088400000, 0x0000000088500000, 0x0000000088500000|100%| E|  |TAMS 0x0000000088400000, 0x0000000088400000| Complete 
| 133|0x0000000088500000, 0x0000000088600000, 0x0000000088600000|100%| E|CS|TAMS 0x0000000088500000, 0x0000000088500000| Complete 
| 134|0x0000000088600000, 0x0000000088700000, 0x0000000088700000|100%| E|CS|TAMS 0x0000000088600000, 0x0000000088600000| Complete 
| 135|0x0000000088700000, 0x0000000088800000, 0x0000000088800000|100%| E|CS|TAMS 0x0000000088700000, 0x0000000088700000| Complete 
| 136|0x0000000088800000, 0x0000000088900000, 0x0000000088900000|100%| E|CS|TAMS 0x0000000088800000, 0x0000000088800000| Complete 
| 137|0x0000000088900000, 0x0000000088a00000, 0x0000000088a00000|100%| E|CS|TAMS 0x0000000088900000, 0x0000000088900000| Complete 
| 138|0x0000000088a00000, 0x0000000088b00000, 0x0000000088b00000|100%| E|CS|TAMS 0x0000000088a00000, 0x0000000088a00000| Complete 
| 139|0x0000000088b00000, 0x0000000088c00000, 0x0000000088c00000|100%| E|CS|TAMS 0x0000000088b00000, 0x0000000088b00000| Complete 
| 140|0x0000000088c00000, 0x0000000088d00000, 0x0000000088d00000|100%| E|CS|TAMS 0x0000000088c00000, 0x0000000088c00000| Complete 
| 141|0x0000000088d00000, 0x0000000088e00000, 0x0000000088e00000|100%| E|CS|TAMS 0x0000000088d00000, 0x0000000088d00000| Complete 
| 243|0x000000008f300000, 0x000000008f400000, 0x000000008f400000|100%| E|CS|TAMS 0x000000008f300000, 0x000000008f300000| Complete 

Card table byte_map: [0x000002bfe8520000,0x000002bfe8920000] _byte_map_base: 0x000002bfe8120000

Marking Bits (Prev, Next): (CMBitMap*) 0x000002bfd1374110, (CMBitMap*) 0x000002bfd1374150
 Prev Bits: [0x000002bfe8d20000, 0x000002bfead20000)
 Next Bits: [0x000002bfead20000, 0x000002bfecd20000)

Polling page: 0x000002bfd0ae0000

Metaspace:

Usage:
  Non-class:     70.30 MB used.
      Class:     11.61 MB used.
       Both:     81.92 MB used.

Virtual space:
  Non-class space:      128.00 MB reserved,      70.69 MB ( 55%) committed,  2 nodes.
      Class space:        1.00 GB reserved,      12.00 MB (  1%) committed,  1 nodes.
             Both:        1.12 GB reserved,      82.69 MB (  7%) committed. 

Chunk freelists:
   Non-Class:  9.08 MB
       Class:  3.86 MB
        Both:  12.94 MB

MaxMetaspaceSize: unlimited
CompressedClassSpaceSize: 1.00 GB
Initial GC threshold: 21.00 MB
Current GC threshold: 135.12 MB
CDS: on
MetaspaceReclaimPolicy: balanced
 - commit_granule_bytes: 65536.
 - commit_granule_words: 8192.
 - virtual_space_node_default_size: 8388608.
 - enlarge_chunks_in_place: 1.
 - new_chunks_are_fully_committed: 0.
 - uncommit_free_chunks: 1.
 - use_allocation_guard: 0.
 - handle_deallocations: 1.


Internal statistics:

num_allocs_failed_limit: 9.
num_arena_births: 1076.
num_arena_deaths: 22.
num_vsnodes_births: 3.
num_vsnodes_deaths: 0.
num_space_committed: 1323.
num_space_uncommitted: 0.
num_chunks_returned_to_freelist: 41.
num_chunks_taken_from_freelist: 4598.
num_chunk_merges: 23.
num_chunk_splits: 3024.
num_chunks_enlarged: 1987.
num_inconsistent_stats: 0.

CodeHeap 'non-profiled nmethods': size=120000Kb used=5401Kb max_used=5401Kb free=114598Kb
 bounds [0x000002bfe06a0000, 0x000002bfe0bf0000, 0x000002bfe7bd0000]
CodeHeap 'profiled nmethods': size=120000Kb used=16918Kb max_used=16918Kb free=103081Kb
 bounds [0x000002bfd8bd0000, 0x000002bfd9c60000, 0x000002bfe0100000]
CodeHeap 'non-nmethods': size=5760Kb used=1703Kb max_used=1764Kb free=4056Kb
 bounds [0x000002bfe0100000, 0x000002bfe0370000, 0x000002bfe06a0000]
 total_blobs=9937 nmethods=9141 adapters=708
 compilation: enabled
              stopped_count=0, restarted_count=0
 full_count=0

Compilation events (20 events):
Event: 8.349 Thread 0x000002bfef9c13f0 nmethod 10604 0x000002bfd9c51710 code [0x000002bfd9c518c0, 0x000002bfd9c51ac8]
Event: 8.349 Thread 0x000002bfef9c13f0 10609       2       sun.nio.ch.FileChannelImpl::endBlocking (13 bytes)
Event: 8.349 Thread 0x000002bfef9c13f0 nmethod 10609 0x000002bfd9c51c10 code [0x000002bfd9c51da0, 0x000002bfd9c51ec8]
Event: 8.349 Thread 0x000002bfef9c13f0 10605       2       org.gradle.internal.execution.history.changes.OutputFileChanges$1::updated (17 bytes)
Event: 8.349 Thread 0x000002bfef9c13f0 nmethod 10605 0x000002bfd9c51f90 code [0x000002bfd9c52140, 0x000002bfd9c52348]
Event: 8.349 Thread 0x000002bfef9c13f0 10606       2       org.gradle.internal.execution.steps.UpToDateResult::getReusedOutputOriginMetadata (8 bytes)
Event: 8.349 Thread 0x000002bfef9c13f0 nmethod 10606 0x000002bfd9c52490 code [0x000002bfd9c52620, 0x000002bfd9c527f8]
Event: 8.349 Thread 0x000002bfef9c13f0 10607       2       org.gradle.internal.execution.history.changes.OutputFileChanges::visitChangesSince (201 bytes)
Event: 8.350 Thread 0x000002bfef9c13f0 nmethod 10607 0x000002bfd9c52890 code [0x000002bfd9c52ca0, 0x000002bfd9c54538]
Event: 8.350 Thread 0x000002bfef9c13f0 10612       2       org.gradle.internal.resources.DefaultResourceLockCoordinationService$DefaultResourceLockState::reset (38 bytes)
Event: 8.351 Thread 0x000002bfef9c13f0 nmethod 10612 0x000002bfd9c54f10 code [0x000002bfd9c550c0, 0x000002bfd9c55238]
Event: 8.351 Thread 0x000002bfef9c13f0 10608       2       org.gradle.internal.classloader.VisitableURLClassLoader::visit (38 bytes)
Event: 8.351 Thread 0x000002bfef9c13f0 nmethod 10608 0x000002bfd9c55310 code [0x000002bfd9c55540, 0x000002bfd9c55d38]
Event: 8.361 Thread 0x000002bfef9c13f0 10613       2       org.gradle.internal.execution.UnitOfWork::getOverlappingOutputHandling (4 bytes)
Event: 8.361 Thread 0x000002bfef9c13f0 nmethod 10613 0x000002bfd9c56210 code [0x000002bfd9c563a0, 0x000002bfd9c564b8]
Event: 8.361 Thread 0x000002bfef9c13f0 10614       2       org.gradle.internal.classloader.ClassLoaderVisitor::visitClassPath (1 bytes)
Event: 8.361 Thread 0x000002bfef9c13f0 nmethod 10614 0x000002bfd9524210 code [0x000002bfd95243a0, 0x000002bfd9524498]
Event: 8.361 Thread 0x000002bfef9c13f0 10615       2       org.gradle.internal.execution.UnitOfWork::validate (1 bytes)
Event: 8.361 Thread 0x000002bfef9c13f0 nmethod 10615 0x000002bfd9528090 code [0x000002bfd9528220, 0x000002bfd9528318]
Event: 8.361 Thread 0x000002bfef9c13f0 10616       2       org.gradle.internal.execution.steps.SkipUpToDateStep$1::getOutput (17 bytes)

GC Heap History (20 events):
Event: 6.111 GC heap before
{Heap before GC invocations=25 (full 0):
 garbage-first heap   total 146432K, used 108749K [0x0000000080000000, 0x0000000100000000)
  region size 1024K, 53 young (54272K), 6 survivors (6144K)
 Metaspace       used 66011K, committed 66752K, reserved 1114112K
  class space    used 9245K, committed 9600K, reserved 1048576K
}
Event: 6.113 GC heap after
{Heap after GC invocations=26 (full 0):
 garbage-first heap   total 146432K, used 62040K [0x0000000080000000, 0x0000000100000000)
  region size 1024K, 5 young (5120K), 5 survivors (5120K)
 Metaspace       used 66011K, committed 66752K, reserved 1114112K
  class space    used 9245K, committed 9600K, reserved 1048576K
}
Event: 6.451 GC heap before
{Heap before GC invocations=26 (full 0):
 garbage-first heap   total 146432K, used 112216K [0x0000000080000000, 0x0000000100000000)
  region size 1024K, 54 young (55296K), 5 survivors (5120K)
 Metaspace       used 69560K, committed 70208K, reserved 1114112K
  class space    used 9836K, committed 10176K, reserved 1048576K
}
Event: 6.454 GC heap after
{Heap after GC invocations=27 (full 0):
 garbage-first heap   total 146432K, used 64044K [0x0000000080000000, 0x0000000100000000)
  region size 1024K, 4 young (4096K), 4 survivors (4096K)
 Metaspace       used 69560K, committed 70208K, reserved 1114112K
  class space    used 9836K, committed 10176K, reserved 1048576K
}
Event: 6.855 GC heap before
{Heap before GC invocations=27 (full 0):
 garbage-first heap   total 146432K, used 115244K [0x0000000080000000, 0x0000000100000000)
  region size 1024K, 54 young (55296K), 4 survivors (4096K)
 Metaspace       used 73612K, committed 74240K, reserved 1114112K
  class space    used 10434K, committed 10752K, reserved 1048576K
}
Event: 6.857 GC heap after
{Heap after GC invocations=28 (full 0):
 garbage-first heap   total 146432K, used 66682K [0x0000000080000000, 0x0000000100000000)
  region size 1024K, 6 young (6144K), 6 survivors (6144K)
 Metaspace       used 73612K, committed 74240K, reserved 1114112K
  class space    used 10434K, committed 10752K, reserved 1048576K
}
Event: 7.047 GC heap before
{Heap before GC invocations=28 (full 0):
 garbage-first heap   total 146432K, used 90234K [0x0000000080000000, 0x0000000100000000)
  region size 1024K, 30 young (30720K), 6 survivors (6144K)
 Metaspace       used 76125K, committed 76800K, reserved 1179648K
  class space    used 10773K, committed 11136K, reserved 1048576K
}
Event: 7.050 GC heap after
{Heap after GC invocations=29 (full 0):
 garbage-first heap   total 146432K, used 68200K [0x0000000080000000, 0x0000000100000000)
  region size 1024K, 5 young (5120K), 5 survivors (5120K)
 Metaspace       used 76125K, committed 76800K, reserved 1179648K
  class space    used 10773K, committed 11136K, reserved 1048576K
}
Event: 7.412 GC heap before
{Heap before GC invocations=30 (full 0):
 garbage-first heap   total 146432K, used 118376K [0x0000000080000000, 0x0000000100000000)
  region size 1024K, 54 young (55296K), 5 survivors (5120K)
 Metaspace       used 78705K, committed 79488K, reserved 1179648K
  class space    used 11111K, committed 11520K, reserved 1048576K
}
Event: 7.415 GC heap after
{Heap after GC invocations=31 (full 0):
 garbage-first heap   total 146432K, used 72095K [0x0000000080000000, 0x0000000100000000)
  region size 1024K, 6 young (6144K), 6 survivors (6144K)
 Metaspace       used 78705K, committed 79488K, reserved 1179648K
  class space    used 11111K, committed 11520K, reserved 1048576K
}
Event: 7.421 GC heap before
{Heap before GC invocations=31 (full 0):
 garbage-first heap   total 146432K, used 73119K [0x0000000080000000, 0x0000000100000000)
  region size 1024K, 7 young (7168K), 6 survivors (6144K)
 Metaspace       used 78827K, committed 79616K, reserved 1179648K
  class space    used 11122K, committed 11520K, reserved 1048576K
}
Event: 7.423 GC heap after
{Heap after GC invocations=32 (full 0):
 garbage-first heap   total 146432K, used 72188K [0x0000000080000000, 0x0000000100000000)
  region size 1024K, 1 young (1024K), 1 survivors (1024K)
 Metaspace       used 78827K, committed 79616K, reserved 1179648K
  class space    used 11122K, committed 11520K, reserved 1048576K
}
Event: 7.838 GC heap before
{Heap before GC invocations=32 (full 0):
 garbage-first heap   total 146432K, used 118268K [0x0000000080000000, 0x0000000100000000)
  region size 1024K, 46 young (47104K), 1 survivors (1024K)
 Metaspace       used 82127K, committed 82880K, reserved 1179648K
  class space    used 11591K, committed 11968K, reserved 1048576K
}
Event: 7.841 GC heap after
{Heap after GC invocations=33 (full 0):
 garbage-first heap   total 146432K, used 74493K [0x0000000080000000, 0x0000000100000000)
  region size 1024K, 3 young (3072K), 3 survivors (3072K)
 Metaspace       used 82127K, committed 82880K, reserved 1179648K
  class space    used 11591K, committed 11968K, reserved 1048576K
}
Event: 8.103 GC heap before
{Heap before GC invocations=34 (full 0):
 garbage-first heap   total 146432K, used 118525K [0x0000000080000000, 0x0000000100000000)
  region size 1024K, 47 young (48128K), 3 survivors (3072K)
 Metaspace       used 83266K, committed 84032K, reserved 1179648K
  class space    used 11850K, committed 12224K, reserved 1048576K
}
Event: 8.107 GC heap after
{Heap after GC invocations=35 (full 0):
 garbage-first heap   total 146432K, used 79434K [0x0000000080000000, 0x0000000100000000)
  region size 1024K, 6 young (6144K), 6 survivors (6144K)
 Metaspace       used 83266K, committed 84032K, reserved 1179648K
  class space    used 11850K, committed 12224K, reserved 1048576K
}
Event: 8.111 GC heap before
{Heap before GC invocations=35 (full 0):
 garbage-first heap   total 146432K, used 80458K [0x0000000080000000, 0x0000000100000000)
  region size 1024K, 7 young (7168K), 6 survivors (6144K)
 Metaspace       used 83280K, committed 84032K, reserved 1179648K
  class space    used 11850K, committed 12224K, reserved 1048576K
}
Event: 8.114 GC heap after
{Heap after GC invocations=36 (full 0):
 garbage-first heap   total 146432K, used 80402K [0x0000000080000000, 0x0000000100000000)
  region size 1024K, 1 young (1024K), 1 survivors (1024K)
 Metaspace       used 83280K, committed 84032K, reserved 1179648K
  class space    used 11850K, committed 12224K, reserved 1048576K
}
Event: 8.319 GC heap before
{Heap before GC invocations=36 (full 0):
 garbage-first heap   total 146432K, used 118290K [0x0000000080000000, 0x0000000100000000)
  region size 1024K, 39 young (39936K), 1 survivors (1024K)
 Metaspace       used 83820K, committed 84608K, reserved 1179648K
  class space    used 11899K, committed 12288K, reserved 1048576K
}
Event: 8.321 GC heap after
{Heap after GC invocations=37 (full 0):
 garbage-first heap   total 146432K, used 83757K [0x0000000080000000, 0x0000000100000000)
  region size 1024K, 5 young (5120K), 5 survivors (5120K)
 Metaspace       used 83820K, committed 84608K, reserved 1179648K
  class space    used 11899K, committed 12288K, reserved 1048576K
}

Deoptimization events (20 events):
Event: 8.206 Thread 0x000002bff73d4220 Uncommon trap: trap_request=0xffffff45 fr.pc=0x000002bfe0b61874 relative=0x0000000000000094
Event: 8.206 Thread 0x000002bff73d4220 Uncommon trap: reason=unstable_if action=reinterpret pc=0x000002bfe0b61874 method=com.google.common.collect.AbstractIterator.hasNext()Z @ 29 c2
Event: 8.206 Thread 0x000002bff73d4220 DEOPT PACKING pc=0x000002bfe0b61874 sp=0x000000dbff8fc9e0
Event: 8.206 Thread 0x000002bff73d4220 DEOPT UNPACKING pc=0x000002bfe01523a3 sp=0x000000dbff8fc9a8 mode 2
Event: 8.213 Thread 0x000002bff73d4220 Uncommon trap: trap_request=0xffffffc6 fr.pc=0x000002bfe099ac04 relative=0x00000000000000e4
Event: 8.213 Thread 0x000002bff73d4220 Uncommon trap: reason=bimorphic_or_optimized_type_check action=maybe_recompile pc=0x000002bfe099ac04 method=com.google.common.collect.RegularImmutableMap.checkNoConflictInKeyBucket(Ljava/lang/Object;Ljava/lang/Object;Lcom/google/common/collect/ImmutableMa
Event: 8.213 Thread 0x000002bff73d4220 DEOPT PACKING pc=0x000002bfe099ac04 sp=0x000000dbff8fce50
Event: 8.213 Thread 0x000002bff73d4220 DEOPT UNPACKING pc=0x000002bfe01523a3 sp=0x000000dbff8fcdf8 mode 2
Event: 8.233 Thread 0x000002bff73d4220 DEOPT PACKING pc=0x000002bfd8cf4e14 sp=0x000000dbff8fa850
Event: 8.233 Thread 0x000002bff73d4220 DEOPT UNPACKING pc=0x000002bfe0152b43 sp=0x000000dbff8f9d58 mode 0
Event: 8.233 Thread 0x000002bff73d4220 DEOPT PACKING pc=0x000002bfd8cf4e14 sp=0x000000dbff8fac10
Event: 8.233 Thread 0x000002bff73d4220 DEOPT UNPACKING pc=0x000002bfe0152b43 sp=0x000000dbff8fa118 mode 0
Event: 8.233 Thread 0x000002bff73d4220 DEOPT PACKING pc=0x000002bfd8cf4e14 sp=0x000000dbff8fafd0
Event: 8.233 Thread 0x000002bff73d4220 DEOPT UNPACKING pc=0x000002bfe0152b43 sp=0x000000dbff8fa4d8 mode 0
Event: 8.233 Thread 0x000002bff73d4220 DEOPT PACKING pc=0x000002bfd8cf4e14 sp=0x000000dbff8fb390
Event: 8.233 Thread 0x000002bff73d4220 DEOPT UNPACKING pc=0x000002bfe0152b43 sp=0x000000dbff8fa8c0 mode 0
Event: 8.307 Thread 0x000002bff73d2de0 Uncommon trap: trap_request=0xffffffbe fr.pc=0x000002bfe07689c0 relative=0x00000000000001a0
Event: 8.307 Thread 0x000002bff73d2de0 Uncommon trap: reason=profile_predicate action=maybe_recompile pc=0x000002bfe07689c0 method=java.util.LinkedHashMap.keysToArray([Ljava/lang/Object;)[Ljava/lang/Object; @ 12 c2
Event: 8.307 Thread 0x000002bff73d2de0 DEOPT PACKING pc=0x000002bfe07689c0 sp=0x000000dbff5f8390
Event: 8.307 Thread 0x000002bff73d2de0 DEOPT UNPACKING pc=0x000002bfe01523a3 sp=0x000000dbff5f8348 mode 2

Classes unloaded (11 events):
Event: 8.362 Thread 0x000002bfef98fbe0 Unloading class 0x000002bf81bfe800 'java/lang/invoke/LambdaForm$DMH+0x000002bf81bfe800'
Event: 8.362 Thread 0x000002bfef98fbe0 Unloading class 0x000002bf81bfec00 'java/lang/invoke/LambdaForm$DMH+0x000002bf81bfec00'
Event: 8.362 Thread 0x000002bfef98fbe0 Unloading class 0x000002bf81bfe400 'java/lang/invoke/LambdaForm$DMH+0x000002bf81bfe400'
Event: 8.362 Thread 0x000002bfef98fbe0 Unloading class 0x000002bf81bfe000 'java/lang/invoke/LambdaForm$DMH+0x000002bf81bfe000'
Event: 8.362 Thread 0x000002bfef98fbe0 Unloading class 0x000002bf81bfd800 'java/lang/invoke/LambdaForm$DMH+0x000002bf81bfd800'
Event: 8.362 Thread 0x000002bfef98fbe0 Unloading class 0x000002bf81bfdc00 'java/lang/invoke/LambdaForm$DMH+0x000002bf81bfdc00'
Event: 8.362 Thread 0x000002bfef98fbe0 Unloading class 0x000002bf81bfd400 'java/lang/invoke/LambdaForm$DMH+0x000002bf81bfd400'
Event: 8.362 Thread 0x000002bfef98fbe0 Unloading class 0x000002bf81bfd000 'java/lang/invoke/LambdaForm$DMH+0x000002bf81bfd000'
Event: 8.362 Thread 0x000002bfef98fbe0 Unloading class 0x000002bf81bfcc00 'java/lang/invoke/LambdaForm$DMH+0x000002bf81bfcc00'
Event: 8.362 Thread 0x000002bfef98fbe0 Unloading class 0x000002bf81bfc000 'java/lang/invoke/LambdaForm$DMH+0x000002bf81bfc000'
Event: 8.362 Thread 0x000002bfef98fbe0 Unloading class 0x000002bf81bfc800 'java/lang/invoke/LambdaForm$DMH+0x000002bf81bfc800'

Classes redefined (0 events):
No events

Internal exceptions (20 events):
Event: 8.004 Thread 0x000002bff73d4c40 Exception <a 'java/lang/NoSuchMethodError'{0x00000000885c1308}: 'void java.lang.invoke.DirectMethodHandle$Holder.invokeStatic(java.lang.Object, java.lang.Object, java.lang.Object, java.lang.Object, int, java.lang.Object, java.lang.Object)'> (0x00000000885c1308) 
thrown [s\open\src\hotspot\share\interpreter\linkResolver.cpp, line 759]
Event: 8.026 Thread 0x000002bff73d0560 Exception <a 'java/lang/NoSuchMethodError'{0x00000000882f4158}: 'java.lang.Object java.lang.invoke.DirectMethodHandle$Holder.invokeSpecialIFC(java.lang.Object, java.lang.Object, java.lang.Object)'> (0x00000000882f4158) 
thrown [s\open\src\hotspot\share\interpreter\linkResolver.cpp, line 759]
Event: 8.026 Thread 0x000002bff56f5310 Exception <a 'java/lang/NoSuchMethodError'{0x00000000882dda48}: 'java.lang.Object java.lang.invoke.DirectMethodHandle$Holder.invokeSpecialIFC(java.lang.Object, java.lang.Object, java.lang.Object)'> (0x00000000882dda48) 
thrown [s\open\src\hotspot\share\interpreter\linkResolver.cpp, line 759]
Event: 8.026 Thread 0x000002bff73d79d0 Exception <a 'java/lang/NoSuchMethodError'{0x0000000088234388}: 'java.lang.Object java.lang.invoke.DirectMethodHandle$Holder.invokeSpecialIFC(java.lang.Object, java.lang.Object, java.lang.Object)'> (0x0000000088234388) 
thrown [s\open\src\hotspot\share\interpreter\linkResolver.cpp, line 759]
Event: 8.026 Thread 0x000002bff73d19a0 Exception <a 'java/lang/NoSuchMethodError'{0x00000000882aa270}: 'java.lang.Object java.lang.invoke.DirectMethodHandle$Holder.invokeSpecialIFC(java.lang.Object, java.lang.Object, java.lang.Object)'> (0x00000000882aa270) 
thrown [s\open\src\hotspot\share\interpreter\linkResolver.cpp, line 759]
Event: 8.026 Thread 0x000002bff73d0050 Exception <a 'java/lang/NoSuchMethodError'{0x0000000088260920}: 'java.lang.Object java.lang.invoke.DirectMethodHandle$Holder.invokeSpecialIFC(java.lang.Object, java.lang.Object, java.lang.Object)'> (0x0000000088260920) 
thrown [s\open\src\hotspot\share\interpreter\linkResolver.cpp, line 759]
Event: 8.026 Thread 0x000002bff73d4c40 Exception <a 'java/lang/NoSuchMethodError'{0x00000000883a4f18}: 'java.lang.Object java.lang.invoke.DirectMethodHandle$Holder.invokeSpecialIFC(java.lang.Object, java.lang.Object, java.lang.Object)'> (0x00000000883a4f18) 
thrown [s\open\src\hotspot\share\interpreter\linkResolver.cpp, line 759]
Event: 8.026 Thread 0x000002bff73d1eb0 Exception <a 'java/lang/NoSuchMethodError'{0x00000000882c2b00}: 'java.lang.Object java.lang.invoke.DirectMethodHandle$Holder.invokeSpecialIFC(java.lang.Object, java.lang.Object, java.lang.Object)'> (0x00000000882c2b00) 
thrown [s\open\src\hotspot\share\interpreter\linkResolver.cpp, line 759]
Event: 8.026 Thread 0x000002bff73d74c0 Exception <a 'java/lang/NoSuchMethodError'{0x0000000088109fd8}: 'java.lang.Object java.lang.invoke.DirectMethodHandle$Holder.invokeSpecialIFC(java.lang.Object, java.lang.Object, java.lang.Object)'> (0x0000000088109fd8) 
thrown [s\open\src\hotspot\share\interpreter\linkResolver.cpp, line 759]
Event: 8.026 Thread 0x000002bff73d6aa0 Exception <a 'java/lang/NoSuchMethodError'{0x000000008811d980}: 'java.lang.Object java.lang.invoke.DirectMethodHandle$Holder.invokeSpecialIFC(java.lang.Object, java.lang.Object, java.lang.Object)'> (0x000000008811d980) 
thrown [s\open\src\hotspot\share\interpreter\linkResolver.cpp, line 759]
Event: 8.026 Thread 0x000002bff73d28d0 Exception <a 'java/lang/NoSuchMethodError'{0x000000008824e3a8}: 'java.lang.Object java.lang.invoke.DirectMethodHandle$Holder.invokeSpecialIFC(java.lang.Object, java.lang.Object, java.lang.Object)'> (0x000000008824e3a8) 
thrown [s\open\src\hotspot\share\interpreter\linkResolver.cpp, line 759]
Event: 8.026 Thread 0x000002bff73d6fb0 Exception <a 'java/lang/NoSuchMethodError'{0x000000008827d3b8}: 'java.lang.Object java.lang.invoke.DirectMethodHandle$Holder.invokeSpecialIFC(java.lang.Object, java.lang.Object, java.lang.Object)'> (0x000000008827d3b8) 
thrown [s\open\src\hotspot\share\interpreter\linkResolver.cpp, line 759]
Event: 8.026 Thread 0x000002bff73d23c0 Exception <a 'java/lang/NoSuchMethodError'{0x0000000088292160}: 'java.lang.Object java.lang.invoke.DirectMethodHandle$Holder.invokeSpecialIFC(java.lang.Object, java.lang.Object, java.lang.Object)'> (0x0000000088292160) 
thrown [s\open\src\hotspot\share\interpreter\linkResolver.cpp, line 759]
Event: 8.060 Thread 0x000002bff73d4c40 Exception <a 'java/lang/NoSuchMethodError'{0x000000008754c5e8}: 'void java.lang.invoke.DirectMethodHandle$Holder.invokeVirtual(java.lang.Object, java.lang.Object)'> (0x000000008754c5e8) 
thrown [s\open\src\hotspot\share\interpreter\linkResolver.cpp, line 759]
Event: 8.297 Thread 0x000002bff73d2de0 Exception <a 'java/lang/NoSuchMethodError'{0x0000000086945ce0}: static Lcom/android/build/gradle/internal/scope/InternalArtifactType;.<clinit>()V> (0x0000000086945ce0) 
thrown [s\open\src\hotspot\share\prims\jni.cpp, line 1112]
Event: 8.297 Thread 0x000002bff73d2de0 Exception <a 'java/lang/NoSuchMethodError'{0x0000000086947438}: static Lcom/android/build/gradle/internal/scope/InternalArtifactType;.<clinit>()V> (0x0000000086947438) 
thrown [s\open\src\hotspot\share\prims\jni.cpp, line 1112]
Event: 8.297 Thread 0x000002bff73d2de0 Exception <a 'java/lang/NoSuchMethodError'{0x000000008694a5d8}: static Lcom/android/build/api/artifact/Artifact$Single;.<clinit>()V> (0x000000008694a5d8) 
thrown [s\open\src\hotspot\share\prims\jni.cpp, line 1112]
Event: 8.297 Thread 0x000002bff73d2de0 Exception <a 'java/lang/NoSuchMethodError'{0x000000008694ce10}: static Ljava/lang/Object;.<clinit>()V> (0x000000008694ce10) 
thrown [s\open\src\hotspot\share\prims\jni.cpp, line 1112]
Event: 8.298 Thread 0x000002bff73d2de0 Exception <a 'java/lang/NoSuchMethodError'{0x0000000086965da8}: static Lcom/android/build/api/artifact/ArtifactKind;.<clinit>()V> (0x0000000086965da8) 
thrown [s\open\src\hotspot\share\prims\jni.cpp, line 1112]
Event: 8.298 Thread 0x000002bff73d2de0 Exception <a 'java/lang/NoSuchMethodError'{0x0000000086967210}: static Lcom/android/build/api/artifact/ArtifactKind;.<clinit>()V> (0x0000000086967210) 
thrown [s\open\src\hotspot\share\prims\jni.cpp, line 1112]

VM Operations (20 events):
Event: 8.036 Executing VM operation: HandshakeAllThreads done
Event: 8.103 Executing VM operation: G1CollectForAllocation
Event: 8.107 Executing VM operation: G1CollectForAllocation done
Event: 8.111 Executing VM operation: G1CollectForAllocation
Event: 8.114 Executing VM operation: G1CollectForAllocation done
Event: 8.158 Executing VM operation: ICBufferFull
Event: 8.158 Executing VM operation: ICBufferFull done
Event: 8.162 Executing VM operation: HandshakeAllThreads
Event: 8.163 Executing VM operation: HandshakeAllThreads done
Event: 8.232 Executing VM operation: HandshakeAllThreads
Event: 8.233 Executing VM operation: HandshakeAllThreads done
Event: 8.233 Executing VM operation: HandshakeAllThreads
Event: 8.233 Executing VM operation: HandshakeAllThreads done
Event: 8.248 Executing VM operation: ICBufferFull
Event: 8.249 Executing VM operation: ICBufferFull done
Event: 8.300 Executing VM operation: HandshakeAllThreads
Event: 8.300 Executing VM operation: HandshakeAllThreads done
Event: 8.318 Executing VM operation: G1CollectForAllocation
Event: 8.321 Executing VM operation: G1CollectForAllocation done
Event: 8.361 Executing VM operation: G1Concurrent

Events (20 events):
Event: 8.253 Thread 0x000002bffb1f9560 Thread added: 0x000002bffb1f9560
Event: 8.254 Thread 0x000002bffb1fa490 Thread added: 0x000002bffb1fa490
Event: 8.254 Thread 0x000002bffb1f62c0 Thread added: 0x000002bffb1f62c0
Event: 8.254 Thread 0x000002bffb1f7700 Thread added: 0x000002bffb1f7700
Event: 8.286 loading class java/util/concurrent/ConcurrentSkipListMap$KeySet
Event: 8.295 loading class java/util/concurrent/ConcurrentSkipListMap$KeySet done
Event: 8.295 loading class java/util/concurrent/ConcurrentSkipListMap$KeyIterator
Event: 8.295 loading class java/util/concurrent/ConcurrentSkipListMap$KeyIterator done
Event: 8.309 Thread 0x000002bffb1fa9a0 Thread added: 0x000002bffb1fa9a0
Event: 8.317 Thread 0x000002bffb1f5390 Thread added: 0x000002bffb1f5390
Event: 8.318 Thread 0x000002bffb1f67d0 Thread added: 0x000002bffb1f67d0
Event: 8.318 Thread 0x000002bffb1faeb0 Thread added: 0x000002bffb1faeb0
Event: 8.318 Thread 0x000002bffb1f71f0 Thread added: 0x000002bffb1f71f0
Event: 8.318 Thread 0x000002bffb1f58a0 Thread added: 0x000002bffb1f58a0
Event: 8.321 Thread 0x000002bffb1f6ce0 Thread added: 0x000002bffb1f6ce0
Event: 8.322 Thread 0x000002bffb1f8630 Thread added: 0x000002bffb1f8630
Event: 8.322 Thread 0x000002bffb1f7c10 Thread added: 0x000002bffb1f7c10
Event: 8.322 Thread 0x000002bffb1f8120 Thread added: 0x000002bffb1f8120
Event: 8.322 Thread 0x000002bffb1f9a70 Thread added: 0x000002bffb1f9a70
Event: 8.323 Thread 0x000002bffb1f3a40 Thread added: 0x000002bffb1f3a40


Dynamic libraries:
0x00007ff7b7580000 - 0x00007ff7b7590000 	C:\Program Files\Java\jdk-17\bin\java.exe
0x00007fff290d0000 - 0x00007fff292e7000 	C:\windows\SYSTEM32\ntdll.dll
0x00007fff27800000 - 0x00007fff278c4000 	C:\windows\System32\KERNEL32.DLL
0x00007fff261c0000 - 0x00007fff26592000 	C:\windows\System32\KERNELBASE.dll
0x00007fff26a90000 - 0x00007fff26ba1000 	C:\windows\System32\ucrtbase.dll
0x00007fff0ef70000 - 0x00007fff0ef89000 	C:\Program Files\Java\jdk-17\bin\jli.dll
0x00007fff06210000 - 0x00007fff0622b000 	C:\Program Files\Java\jdk-17\bin\VCRUNTIME140.dll
0x00007fff272c0000 - 0x00007fff27371000 	C:\windows\System32\ADVAPI32.dll
0x00007fff27fc0000 - 0x00007fff28067000 	C:\windows\System32\msvcrt.dll
0x00007fff27060000 - 0x00007fff27108000 	C:\windows\System32\sechost.dll
0x00007fff266e0000 - 0x00007fff26708000 	C:\windows\System32\bcrypt.dll
0x00007fff27b80000 - 0x00007fff27c94000 	C:\windows\System32\RPCRT4.dll
0x00007fff280b0000 - 0x00007fff28261000 	C:\windows\System32\USER32.dll
0x00007fff26710000 - 0x00007fff26736000 	C:\windows\System32\win32u.dll
0x00007fff0eae0000 - 0x00007fff0ed7b000 	C:\windows\WinSxS\amd64_microsoft.windows.common-controls_6595b64144ccf1df_6.0.22621.5415_none_270d77d17387d7da\COMCTL32.dll
0x00007fff27f90000 - 0x00007fff27fb9000 	C:\windows\System32\GDI32.dll
0x00007fff26c30000 - 0x00007fff26d53000 	C:\windows\System32\gdi32full.dll
0x00007fff267c0000 - 0x00007fff2685a000 	C:\windows\System32\msvcp_win.dll
0x00007fff20190000 - 0x00007fff2019a000 	C:\windows\SYSTEM32\VERSION.dll
0x00007fff28070000 - 0x00007fff280a1000 	C:\windows\System32\IMM32.DLL
0x00007fff1fce0000 - 0x00007fff1fcec000 	C:\Program Files\Java\jdk-17\bin\vcruntime140_1.dll
0x00007fff055b0000 - 0x00007fff0563e000 	C:\Program Files\Java\jdk-17\bin\msvcp140.dll
0x00007ffea2460000 - 0x00007ffea3040000 	C:\Program Files\Java\jdk-17\bin\server\jvm.dll
0x00007fff27e70000 - 0x00007fff27e78000 	C:\windows\System32\PSAPI.DLL
0x00007fff20770000 - 0x00007fff207a4000 	C:\windows\SYSTEM32\WINMM.dll
0x00007ffefbae0000 - 0x00007ffefbae9000 	C:\windows\SYSTEM32\WSOCK32.dll
0x00007fff27f10000 - 0x00007fff27f81000 	C:\windows\System32\WS2_32.dll
0x00007fff251c0000 - 0x00007fff251d8000 	C:\windows\SYSTEM32\kernel.appcore.dll
0x00007fff1e5b0000 - 0x00007fff1e5ba000 	C:\Program Files\Java\jdk-17\bin\jimage.dll
0x00007fff1a1e0000 - 0x00007fff1a413000 	C:\windows\SYSTEM32\DBGHELP.DLL
0x00007fff28270000 - 0x00007fff28603000 	C:\windows\System32\combase.dll
0x00007fff27aa0000 - 0x00007fff27b77000 	C:\windows\System32\OLEAUT32.dll
0x00007fff19fa0000 - 0x00007fff19fd2000 	C:\windows\SYSTEM32\dbgcore.DLL
0x00007fff26bb0000 - 0x00007fff26c2b000 	C:\windows\System32\bcryptPrimitives.dll
0x00007fff06290000 - 0x00007fff0629e000 	C:\Program Files\Java\jdk-17\bin\instrument.dll
0x00007fff060d0000 - 0x00007fff060f5000 	C:\Program Files\Java\jdk-17\bin\java.dll
0x00007fff05410000 - 0x00007fff054e7000 	C:\Program Files\Java\jdk-17\bin\jsvml.dll
0x00007fff28690000 - 0x00007fff28f32000 	C:\windows\System32\SHELL32.dll
0x00007fff265a0000 - 0x00007fff266df000 	C:\windows\System32\wintypes.dll
0x00007fff240a0000 - 0x00007fff249be000 	C:\windows\SYSTEM32\windows.storage.dll
0x00007fff26e30000 - 0x00007fff26f3b000 	C:\windows\System32\SHCORE.dll
0x00007fff27a30000 - 0x00007fff27a99000 	C:\windows\System32\shlwapi.dll
0x00007fff260f0000 - 0x00007fff2611b000 	C:\windows\SYSTEM32\profapi.dll
0x00007fff05570000 - 0x00007fff05588000 	C:\Program Files\Java\jdk-17\bin\zip.dll
0x00007fff06120000 - 0x00007fff06139000 	C:\Program Files\Java\jdk-17\bin\net.dll
0x00007fff22500000 - 0x00007fff2262c000 	C:\windows\SYSTEM32\WINHTTP.dll
0x00007fff25630000 - 0x00007fff25699000 	C:\windows\system32\mswsock.dll
0x00007fff05590000 - 0x00007fff055a6000 	C:\Program Files\Java\jdk-17\bin\nio.dll
0x00007fff13d20000 - 0x00007fff13d30000 	C:\Program Files\Java\jdk-17\bin\verify.dll
0x00007fff07b10000 - 0x00007fff07b37000 	C:\Users\Hp\.gradle\native\c067742578af261105cb4f569cf0c3c89f3d7b1fecec35dd04571415982c5e48\windows-amd64\native-platform.dll
0x00007ffed4f10000 - 0x00007ffed5054000 	C:\Users\Hp\.gradle\native\38dada09dfb8b06ba9b0570ebf7e218e3eb74d4ef43ca46872605cf95ebc2f47\windows-amd64\native-platform-file-events.dll
0x00007fff097a0000 - 0x00007fff097aa000 	C:\Program Files\Java\jdk-17\bin\management.dll
0x00007fff07300000 - 0x00007fff0730b000 	C:\Program Files\Java\jdk-17\bin\management_ext.dll
0x00007fff258a0000 - 0x00007fff258bb000 	C:\windows\SYSTEM32\CRYPTSP.dll
0x00007fff25110000 - 0x00007fff25147000 	C:\windows\system32\rsaenh.dll
0x00007fff25700000 - 0x00007fff25728000 	C:\windows\SYSTEM32\USERENV.dll
0x00007fff258c0000 - 0x00007fff258cc000 	C:\windows\SYSTEM32\CRYPTBASE.dll
0x00007fff24c20000 - 0x00007fff24c4d000 	C:\windows\SYSTEM32\IPHLPAPI.DLL
0x00007fff28f40000 - 0x00007fff28f49000 	C:\windows\System32\NSI.dll
0x00007fff20ca0000 - 0x00007fff20cb9000 	C:\windows\SYSTEM32\dhcpcsvc6.DLL
0x00007fff20c10000 - 0x00007fff20c2f000 	C:\windows\SYSTEM32\dhcpcsvc.DLL
0x00007fff24c50000 - 0x00007fff24d48000 	C:\windows\SYSTEM32\DNSAPI.dll
0x00007fff060c0000 - 0x00007fff060ce000 	C:\Program Files\Java\jdk-17\bin\sunmscapi.dll
0x00007fff26860000 - 0x00007fff269c7000 	C:\windows\System32\CRYPT32.dll
0x00007fff25a60000 - 0x00007fff25a8d000 	C:\windows\SYSTEM32\ncrypt.dll
0x00007fff25a20000 - 0x00007fff25a57000 	C:\windows\SYSTEM32\NTASN1.dll
0x00007ffec19f0000 - 0x00007ffec19f8000 	C:\windows\system32\wshunix.dll

dbghelp: loaded successfully - version: 4.0.5 - missing functions: none
symbol engine: initialized successfully - sym options: 0x614 - pdb path: .;C:\Program Files\Java\jdk-17\bin;C:\windows\SYSTEM32;C:\windows\WinSxS\amd64_microsoft.windows.common-controls_6595b64144ccf1df_6.0.22621.5415_none_270d77d17387d7da;C:\Program Files\Java\jdk-17\bin\server;C:\Users\Hp\.gradle\native\c067742578af261105cb4f569cf0c3c89f3d7b1fecec35dd04571415982c5e48\windows-amd64;C:\Users\Hp\.gradle\native\38dada09dfb8b06ba9b0570ebf7e218e3eb74d4ef43ca46872605cf95ebc2f47\windows-amd64

VM Arguments:
jvm_args: --add-opens=java.base/java.util=ALL-UNNAMED --add-opens=java.base/java.lang=ALL-UNNAMED --add-opens=java.base/java.lang.invoke=ALL-UNNAMED --add-opens=java.prefs/java.util.prefs=ALL-UNNAMED --add-opens=java.base/java.nio.charset=ALL-UNNAMED --add-opens=java.base/java.net=ALL-UNNAMED --add-opens=java.base/java.util.concurrent.atomic=ALL-UNNAMED -Xmx2048m -Dfile.encoding=UTF-8 -Duser.country=US -Duser.language=en -Duser.variant -javaagent:C:\Users\Hp\.gradle\wrapper\dists\gradle-8.4-bin\1w5dpkrfk8irigvoxmyhowfim\gradle-8.4\lib\agents\gradle-instrumentation-agent-8.4.jar 
java_command: org.gradle.launcher.daemon.bootstrap.GradleDaemon 8.4
java_class_path (initial): C:\Users\Hp\.gradle\wrapper\dists\gradle-8.4-bin\1w5dpkrfk8irigvoxmyhowfim\gradle-8.4\lib\gradle-launcher-8.4.jar
Launcher Type: SUN_STANDARD

[Global flags]
     intx CICompilerCount                          = 4                                         {product} {ergonomic}
     uint ConcGCThreads                            = 3                                         {product} {ergonomic}
     uint G1ConcRefinementThreads                  = 10                                        {product} {ergonomic}
   size_t G1HeapRegionSize                         = 1048576                                   {product} {ergonomic}
    uintx GCDrainStackTargetSize                   = 64                                        {product} {ergonomic}
   size_t InitialHeapSize                          = 255852544                                 {product} {ergonomic}
   size_t MarkStackSize                            = 4194304                                   {product} {ergonomic}
   size_t MaxHeapSize                              = 2147483648                                {product} {command line}
   size_t MaxNewSize                               = 1287651328                                {product} {ergonomic}
   size_t MinHeapDeltaBytes                        = 1048576                                   {product} {ergonomic}
   size_t MinHeapSize                              = 8388608                                   {product} {ergonomic}
    uintx NonNMethodCodeHeapSize                   = 5839372                                {pd product} {ergonomic}
    uintx NonProfiledCodeHeapSize                  = 122909434                              {pd product} {ergonomic}
    uintx ProfiledCodeHeapSize                     = 122909434                              {pd product} {ergonomic}
    uintx ReservedCodeCacheSize                    = 251658240                              {pd product} {ergonomic}
     bool SegmentedCodeCache                       = true                                      {product} {ergonomic}
   size_t SoftMaxHeapSize                          = 2147483648                             {manageable} {ergonomic}
     bool UseCompressedClassPointers               = true                           {product lp64_product} {ergonomic}
     bool UseCompressedOops                        = true                           {product lp64_product} {ergonomic}
     bool UseG1GC                                  = true                                      {product} {ergonomic}
     bool UseLargePagesIndividualAllocation        = false                                  {pd product} {ergonomic}

Logging:
Log output configuration:
 #0: stdout all=warning uptime,level,tags
 #1: stderr all=off uptime,level,tags

Environment Variables:
JAVA_HOME=C:\Program Files\Java\jdk-17
CLASSPATH=D:\DoanDoMinhTrung_2120110322\\gradle\wrapper\gradle-wrapper.jar
PATH=C:\Program Files\Microsoft MPI\Bin\;C:\Program Files\Eclipse Adoptium\jdk-17.0.12.7-hotspot\bin;C:\Program Files\Common Files\Oracle\Java\javapath;C:\windows\system32;C:\windows;C:\windows\System32\Wbem;C:\windows\System32\WindowsPowerShell\v1.0\;C:\windows\System32\OpenSSH\;C:\Program Files (x86)\NVIDIA Corporation\PhysX\Common;C:\Program Files\NVIDIA Corporation\NVIDIA NvDLISR;C:\Users\Administrator\AppData\Local\Microsoft\WindowsApps;C:\Program Files\HP\OMEN-Broadcast\Common;C:\Program Files\nodejs\;C:\Program Files\Microsoft SQL Server\150\Tools\Binn\;C:\Program Files\Microsoft SQL Server\Client SDK\ODBC\170\Tools\Binn\;C:\Program Files (x86)\Microsoft SQL Server\160\Tools\Binn\;C:\Program Files\Microsoft SQL Server\160\Tools\Binn\;C:\Program Files\Microsoft SQL Server\160\DTS\Binn\;C:\Program Files (x86)\Microsoft SQL Server\160\DTS\Binn\;C:\Program Files\dotnet\;C:\Program Files\Git\cmd;C:\Users\Hp\AppData\Local\Microsoft\WindowsApps;C:\Users\Hp\AppData\Local\Programs\Microsoft VS Code\bin;C:\Users\Hp\AppData\Roaming\npm;C:\Program Files\apache-maven-3.9.9\bin;C:\Program Files\Java\jdk-17\bin;C:\Users\Hp\.dotnet\tools
USERNAME=Hp
OS=Windows_NT
PROCESSOR_IDENTIFIER=AMD64 Family 25 Model 68 Stepping 1, AuthenticAMD



---------------  S Y S T E M  ---------------

OS:
 Windows 11 , 64 bit Build 22621 (10.0.22621.5415)
OS uptime: 0 days 1:07 hours
Hyper-V role detected

CPU: total 12 (initial active 12) (12 cores per cpu, 2 threads per core) family 25 model 68 stepping 1 microcode 0x0, cx8, cmov, fxsr, ht, mmx, 3dnowpref, sse, sse2, sse3, ssse3, sse4a, sse4.1, sse4.2, popcnt, lzcnt, tsc, tscinvbit, avx, avx2, aes, erms, clmul, bmi1, bmi2, adx, sha, fma, vzeroupper, clflush, clflushopt, hv

Memory: 4k page, system-wide physical 15573M (3280M free)
TotalPageFile size 15573M (AvailPageFile size 28M)
current process WorkingSet (physical memory assigned to process): 404M, peak: 413M
current process commit charge ("private bytes"): 455M, peak: 481M

vm_info: Java HotSpot(TM) 64-Bit Server VM (17.0.12+8-LTS-286) for windows-amd64 JRE (17.0.12+8-LTS-286), built on Jun  5 2024 06:46:59 by "mach5one" with MS VC++ 17.6 (VS2022)

END.
